12
24
1
1
1
1
1
1
1
1
1
1
1
1
4 0 2 (544.000000 672.000000 520.000000) (560.000000 672.000000 520.000000) (560.000000 -704.000000 520.000000) (544.000000 -704.000000 520.000000) 
4 0 9 (-656.000000 -704.000000 520.000000) (-656.000000 672.000000 520.000000) (-640.000000 672.000000 520.000000) (-640.000000 -704.000000 520.000000) 
4 0 1 (-656.000000 672.000000 520.000000) (-656.000000 688.000000 520.000000) (560.000000 688.000000 520.000000) (560.000000 672.000000 520.000000) 
4 0 11 (560.000000 -704.000000 520.000000) (560.000000 -704.000000 536.000000) (-656.000000 -704.000000 536.000000) (-656.000000 -704.000000 520.000000) 
4 1 2 (544.000000 672.000000 -112.000000) (560.000000 672.000000 -112.000000) (560.000000 672.000000 520.000000) (544.000000 672.000000 520.000000) 
4 1 9 (-656.000000 672.000000 520.000000) (-656.000000 672.000000 -112.000000) (-640.000000 672.000000 -112.000000) (-640.000000 672.000000 520.000000) 
4 1 10 (-656.000000 672.000000 -112.000000) (-656.000000 672.000000 -128.000000) (560.000000 672.000000 -128.000000) (560.000000 672.000000 -112.000000) 
4 2 10 (544.000000 672.000000 -112.000000) (560.000000 672.000000 -112.000000) (560.000000 -704.000000 -112.000000) (544.000000 -704.000000 -112.000000) 
4 2 11 (560.000000 -704.000000 -112.000000) (560.000000 -704.000000 520.000000) (544.000000 -704.000000 520.000000) (544.000000 -704.000000 -112.000000) 
4 3 5 (512.000000 512.000000 0.000000) (544.000000 512.000000 0.000000) (544.000000 -512.000000 0.000000) (512.000000 -512.000000 0.000000) 
4 3 4 (-256.000000 512.000000 0.000000) (-256.000000 672.000000 0.000000) (544.000000 672.000000 0.000000) (544.000000 512.000000 0.000000) 
4 3 7 (544.000000 -704.000000 0.000000) (-256.000000 -704.000000 0.000000) (-256.000000 -512.000000 0.000000) (544.000000 -512.000000 0.000000) 
4 3 8 (-256.000000 -704.000000 0.000000) (-256.000000 -704.000000 520.000000) (-256.000000 672.000000 520.000000) (-256.000000 672.000000 0.000000) 
4 4 5 (512.000000 512.000000 -32.000000) (544.000000 512.000000 -32.000000) (544.000000 512.000000 0.000000) (512.000000 512.000000 0.000000) 
4 4 6 (-256.000000 512.000000 -32.000000) (-256.000000 672.000000 -32.000000) (544.000000 672.000000 -32.000000) (544.000000 512.000000 -32.000000) 
4 4 8 (-256.000000 512.000000 0.000000) (-256.000000 672.000000 0.000000) (-256.000000 672.000000 -32.000000) (-256.000000 512.000000 -32.000000) 
4 5 7 (512.000000 -512.000000 -32.000000) (544.000000 -512.000000 -32.000000) (544.000000 -512.000000 0.000000) (512.000000 -512.000000 0.000000) 
4 5 6 (512.000000 512.000000 -32.000000) (544.000000 512.000000 -32.000000) (544.000000 -512.000000 -32.000000) (512.000000 -512.000000 -32.000000) 
4 6 7 (-256.000000 -512.000000 -32.000000) (-256.000000 -512.000000 -112.000000) (544.000000 -512.000000 -112.000000) (544.000000 -512.000000 -32.000000) 
4 6 8 (-256.000000 672.000000 -112.000000) (-256.000000 -512.000000 -112.000000) (-256.000000 -512.000000 -32.000000) (-256.000000 672.000000 -32.000000) 
4 7 8 (-256.000000 -512.000000 -112.000000) (-256.000000 -704.000000 -112.000000) (-256.000000 -704.000000 0.000000) (-256.000000 -512.000000 0.000000) 
4 9 10 (-656.000000 -704.000000 -112.000000) (-656.000000 672.000000 -112.000000) (-640.000000 672.000000 -112.000000) (-640.000000 -704.000000 -112.000000) 
4 9 11 (-640.000000 -704.000000 520.000000) (-656.000000 -704.000000 520.000000) (-656.000000 -704.000000 -112.000000) (-640.000000 -704.000000 -112.000000) 
4 10 11 (-656.000000 -704.000000 -128.000000) (560.000000 -704.000000 -128.000000) (560.000000 -704.000000 -112.000000) (-656.000000 -704.000000 -112.000000) 
