hlcsg v3.4 VL30 (Nov 23 2012)
Zoner's Half-Life Compilation Tools -- Custom Build
Based on code modifications by Sean 'Zoner' Cavanaugh
Based on Valve's version, modified with permission.
Submit detailed bug reports to (vluzacn@163.com)
-----  BEGIN  hlcsg -----
Command line: "C:/Users/Tom/Desktop/QUAKE MOD STUFF/zips/vluzacn_s_zhlt_v30/tools/hlcsg.exe" "C:\Users\Tom\Desktop\QUAKE MOD STUFF\DARKPLACES\Id1\maps\jmffin" 
Arguments: "C:\Users\Tom\Desktop\QUAKE MOD STUFF\DARKPLACES\Id1\maps\jmffin" -low -wadautodetect 
Entering C:\Users\Tom\Desktop\QUAKE MOD STUFF\DARKPLACES\Id1\maps\jmffin.map
Warning: Entity 17 (classname "place_model"): origin outside +/-4096: (-4272,2656,8)
Warning: Entity 18 (classname "place_model"): origin outside +/-4096: (-4648,2208,8)
Warning: Entity 19 (classname "place_model"): origin outside +/-4096: (-5408,2240,8)
Warning: Entity 20 (classname "place_model"): origin outside +/-4096: (-5328,2864,8)
Warning: Entity 21 (classname "place_model"): origin outside +/-4096: (-4560,2968,8)

Current hlcsg Settings
Name                 |  Setting  |  Default
---------------------|-----------|-------------------------
threads               [       4 ] [  Varies ]
verbose               [     off ] [     off ]
log                   [      on ] [      on ]
reset logfile         [      on ] [      on ]
developer             [       0 ] [       0 ]
chart                 [     off ] [     off ]
estimate              [     off ] [     off ]
max texture memory    [ 33554432 ] [ 33554432 ]
max lighting memory   [ 33554432 ] [ 33554432 ]
priority              [     Low ] [  Normal ]

noclip                [     off ] [     off ]
null texture stripping[      on ] [      on ]
clipnode economy mode [     off ] [     off ]
clip hull type        [  simple ] [  simple ]
onlyents              [     off ] [     off ]
wadtextures           [      on ] [      on ]
skyclip               [      on ] [      on ]
hullfile              [    None ] [    None ]
wadcfg by file        [    None ] [    None ]
wadcfg by name        [    None ] [    None ]
nullfile              [    None ] [    None ]
nullify trigger       [      on ] [      on ]
min surface area      [   0.000 ] [   0.000 ]
brush union threshold [   0.000 ] [   0.000 ]
map scaling           [    None ] [    None ]
light name optimize   [      on ] [      on ]
UTF8 game_text        [      on ] [      on ]

Using mapfile wad configuration
Wadfiles not in use by the map will be excluded
Wadinclude list :
[zhlt.wad]

CreateBrush:
 (0.72 seconds)
CSGBrush:
 (0.78 seconds)

Warning: Wad file 'C:\Users\Tom\Desktop\QUAKE MOD STUFF\DARKPLACES\Id1\quake.wad' not found
Using Wadfile: C:\Users\Tom\Desktop\QUAKE MOD STUFF\DARKPLACES\ID1\textures.wad
 - Warning: Larger than expected texture (490412 bytes): 'BUILDING2'
 - Warning: Larger than expected texture (1393452 bytes): 'BUILDING1'
 - Warning: Larger than expected texture (1393452 bytes): 'FLOOR2'
 - Contains 10 used textures, 90.91 percent of map (71 textures in wad)
Including Wadfile: C:\Users\Tom\Desktop\QUAKE MOD STUFF\DARKPLACES\ID1\zhlt.wad
 - Contains 1 used texture, 9.09 percent of map (18 textures in wad)

Wad files required to run the map: "textures.wad;"

Texture usage is at 0.72 mb (of 32.00 mb MAX)
1.56 seconds elapsed

-----   END   hlcsg -----



hlbsp v3.4 VL30 (Nov 23 2012)
Zoner's Half-Life Compilation Tools -- Custom Build
Based on code modifications by Sean 'Zoner' Cavanaugh
Based on Valve's version, modified with permission.
Submit detailed bug reports to (vluzacn@163.com)
-----  BEGIN  hlbsp -----
Command line: "C:/Users/Tom/Desktop/QUAKE MOD STUFF/zips/vluzacn_s_zhlt_v30/tools/hlbsp.exe" "C:\Users\Tom\Desktop\QUAKE MOD STUFF\DARKPLACES\Id1\maps\jmffin" 
Arguments: "C:\Users\Tom\Desktop\QUAKE MOD STUFF\DARKPLACES\Id1\maps\jmffin" -low -chart 

Current hlbsp Settings
Name               |  Setting  |  Default
-------------------|-----------|-------------------------
threads             [       4 ] [  Varies ]
verbose             [     off ] [     off ]
log                 [      on ] [      on ]
developer           [       0 ] [       0 ]
chart               [      on ] [     off ]
estimate            [     off ] [     off ]
max texture memory  [ 33554432 ] [ 33554432 ]
priority            [     Low ] [  Normal ]

noclip              [     off ] [     off ]
nofill              [     off ] [     off ]
noinsidefill        [     off ] [     off ]
noopt               [     off ] [     off ]
no clipnode merging [     off ] [     off ]
null tex. stripping [      on ] [      on ]
notjunc             [     off ] [     off ]
nobrink             [     off ] [     off ]
subdivide size      [     240 ] [     240 ] (Min 64) (Max 512)
max node size       [    1024 ] [    1024 ] (Min 64) (Max 65536)
remove hull 2       [     off ] [     off ]


SolidBSP [hull 0] 500...1000...Warning: Ambiguous leafnode content ( EMPTY and SOLID ) at (-1687,3634,365)-(-1680,3648,383) in hull 0 of model 0 (entity: classname "worldspawn", origin "", targetname "")
Warning: Ambiguous leafnode content ( EMPTY and SOLID ) at (-1687,3634,256)-(-1680,3646,272) in hull 0 of model 0 (entity: classname "worldspawn", origin "", targetname "")
1500...Warning: Ambiguous leafnode content ( EMPTY and SOLID ) at (-1440,3473,42)-(-1440,3473,384) in hull 0 of model 0 (entity: classname "worldspawn", origin "", targetname "")
2000...Warning: Ambiguous leafnode content ( EMPTY and SOLID ) at (-1682,3483,192)-(-1680,3486,256) in hull 0 of model 0 (entity: classname "worldspawn", origin "", targetname "")
2500...3000...3500...Warning: Ambiguous leafnode content ( EMPTY and SOLID ) at (-3664,2304,122)-(-3662,2315,128) in hull 0 of model 0 (entity: classname "worldspawn", origin "", targetname "")
4000...4500...Warning: Ambiguous leafnode content ( EMPTY and SOLID ) at (-3410,2381,16)-(-3408,2391,22) in hull 0 of model 0 (entity: classname "worldspawn", origin "", targetname "")
5000...5500...6000...6500...7000...7500...Warning: Ambiguous leafnode content ( EMPTY and SOLID ) at (3216,-3288,238)-(3217,-3281,240) in hull 0 of model 0 (entity: classname "worldspawn", origin "", targetname "")
8000...8500...9000...9500...10000...10500...11000...11500...12000...12500...Warning: Ambiguous leafnode content ( EMPTY and SOLID ) at (-3356,-2728,380)-(-3355,-2697,384) in hull 0 of model 0 (entity: classname "worldspawn", origin "", targetname "")
13000...13500...14000...14500...14580 (2.03 seconds)
Warning: Colinear portal @
(-1678.41, 3742.48, 385.48)
(-1678.41, 3742.48, 384.00)
(-1685.56, 3736.27, 384.00)
Warning: Colinear portal @
(-1681.51, 3739.79, 192.00)
(-1686.73, 3735.26, 192.00)
(-1686.73, 3735.26, 383.76)
(-1685.56, 3736.27, 384.00)
(-1681.51, 3739.79, 384.00)
Warning: Colinear portal @
(-1678.41, 3742.48, 192.00)
(-1678.41, 3742.48, 79.24)
(-1686.73, 3735.26, 75.63)
(-1686.73, 3735.26, 192.00)
Warning: Colinear portal @
(-1535.00, 3481.11, 276.44)
(-1535.23, 3481.21, 384.00)
(-1587.50, 3473.19, 384.00)
(-1585.62, 3473.34, 286.78)
Warning: Colinear portal @
(-1534.99, 3481.10, 271.59)
(-1535.00, 3481.11, 276.44)
(-1585.62, 3473.34, 286.78)
(-1585.32, 3473.36, 271.58)
Warning: Colinear portal @
(-1552.38, 3478.43, 271.59)
(-1585.32, 3473.36, 271.58)
(-1585.25, 3473.37, 267.79)
Warning: Colinear portal @
(-1585.13, 3473.38, 261.46)
(-1585.03, 3473.39, 256.40)
(-1560.37, 3477.18, 256.41)
Warning: Colinear portal @
(-1534.96, 3481.09, 254.59)
(-1534.96, 3481.09, 256.41)
(-1585.03, 3473.39, 256.40)
(-1584.88, 3473.40, 248.80)
Warning: Colinear portal @
(-1534.83, 3481.03, 192.00)
(-1534.96, 3481.09, 254.59)
(-1584.88, 3473.40, 248.80)
(-1583.78, 3473.49, 192.00)
Warning: Colinear portal @
(-1548.19, 3473.74, 192.00)
(-1546.67, 3473.79, 192.00)
(-1548.34, 3473.79, 242.87)
Warning: Colinear portal @
(-1555.42, 3473.52, 192.00)
(-1549.33, 3473.71, 192.00)
(-1549.31, 3473.79, 272.51)
(-1552.95, 3473.79, 384.00)
(-1555.49, 3473.71, 384.00)
Warning: Colinear portal @
(-1518.79, 3472.34, 192.00)
(-1515.59, 3472.23, 192.00)
(-1516.08, 3472.45, 384.00)
(-1518.76, 3472.54, 384.00)
Warning: Colinear portal @
(-1521.00, 3472.41, 192.00)
(-1518.79, 3472.34, 192.00)
(-1518.76, 3472.54, 384.00)
(-1521.01, 3472.62, 384.00)
Warning: Colinear portal @
(-1526.73, 3472.60, 192.00)
(-1521.00, 3472.41, 192.00)
(-1521.01, 3472.62, 384.00)
(-1527.04, 3472.82, 384.00)
Warning: Colinear portal @
(-1536.21, 3472.92, 192.00)
(-1526.73, 3472.60, 192.00)
(-1527.04, 3472.82, 384.00)
(-1536.22, 3473.12, 384.00)
Warning: Colinear portal @
(-1546.78, 3473.27, 192.00)
(-1536.21, 3472.92, 192.00)
(-1536.22, 3473.12, 384.00)
(-1547.47, 3473.50, 384.00)
Warning: Colinear portal @
(-1555.44, 3473.56, 192.00)
(-1549.45, 3473.36, 192.00)
(-1549.38, 3473.56, 384.00)
(-1555.51, 3473.77, 384.00)
Warning: Colinear portal @
(-1582.11, 3471.39, 192.00)
(-1587.55, 3470.57, 192.00)
(-1587.72, 3470.65, 384.00)
(-1582.07, 3471.50, 384.00)
Warning: Colinear portal @
(-1577.73, 3472.04, 192.00)
(-1582.11, 3471.39, 192.00)
(-1582.07, 3471.50, 384.00)
(-1577.16, 3472.23, 384.00)
Warning: Colinear portal @
(-1571.25, 3473.01, 192.00)
(-1575.90, 3472.31, 192.00)
(-1576.12, 3472.38, 384.00)
(-1571.29, 3473.11, 384.00)
Warning: Colinear portal @
(-1566.71, 3473.79, 384.00)
(-1566.00, 3473.79, 192.00)
(-1571.25, 3473.01, 192.00)
(-1571.29, 3473.11, 384.00)
Warning: Colinear portal @
(-1594.06, 3472.18, 384.00)
(-1597.38, 3471.67, 384.00)
(-1597.52, 3471.37, 192.00)
(-1594.80, 3471.79, 192.00)
Warning: Colinear portal @
(-1572.48, 3473.79, 242.74)
(-1574.14, 3473.79, 192.00)
(-1572.52, 3473.78, 192.00)
Warning: Colinear portal @
(-1587.50, 3473.19, 384.00)
(-1591.67, 3472.55, 384.00)
(-1591.24, 3472.34, 192.00)
(-1583.78, 3473.49, 192.00)
Warning: Colinear portal @
(-1685.29, 3456.00, 192.00)
(-1685.29, 3456.00, 384.00)
(-1685.44, 3456.89, 384.00)
(-1685.44, 3456.89, 192.00)
Warning: Colinear portal @
(-1685.29, 3456.00, 384.00)
(-1685.29, 3456.00, 497.17)
(-1686.30, 3461.95, 499.42)
(-1686.30, 3461.95, 384.00)
Warning: Colinear portal @
(-1700.61, 3483.10, 518.66)
(-1692.16, 3487.01, 517.19)
(-1692.16, 3487.01, 384.00)
(-1700.61, 3483.10, 384.00)
BSP generation successful, writing portal file 'C:\Users\Tom\Desktop\QUAKE MOD STUFF\DARKPLACES\Id1\maps\jmffin.prt'
SolidBSP [hull 1] 500...1000...Warning: Ambiguous leafnode content ( EMPTY and SOLID ) at (318,-707,-40)-(319,-688,80) in hull 1 of model 0 (entity: classname "worldspawn", origin "", targetname "")
1500...2000...2500...3000...3500...4000...4500...4980 (0.48 seconds)
SolidBSP [hull 2] 500...1000...1500...2000...2500...Warning: Ambiguous leafnode content ( EMPTY and SOLID ) at (144000,144000,144000)-(-144000,-144000,-144000) in hull 2 of model 0 (entity: classname "worldspawn", origin "", targetname "")
Warning: Ambiguous leafnode content ( WATER and SOLID ) at (-3976,1432,-87)-(-3888,1520,-64) in hull 2 of model 0 (entity: classname "worldspawn", origin "", targetname "")
3000...3500...4000...4144 (0.38 seconds)
SolidBSP [hull 3] 500...1000...1500...2000...2500...3000...3500...4000...4500...5000...5500...5725 (0.67 seconds)
Warning: Number of visleafs(9781) exceeded MAX_MAP_LEAFS(8192)
If you encounter problems when running your map, consider this the most likely cause.

Warning: Number of world faces(33454) exceeded 32768. Some faces will disappear in game.
To reduce world faces, change some world brushes (including func_details) to func_walls.

Reduced 14712 clipnodes to 12642
Reduced 1063 texinfos to 957
Reduced 10 texdatas to 10 (1556 bytes to 1556)
Reduced 37682 planes to 8727
FixBrinks:
Increased 12642 clipnodes to 12828.

Object names  Objects/Maxobjs  Memory / Maxmem  Fullness
------------  ---------------  ---------------  --------
models              7/512          448/32768    ( 1.4%)
planes           8727/32768     174540/655360   (26.6%)
vertexes        42323/65535     507876/786420   (64.6%)
nodes           14610/32767     350640/786408   (44.6%)
texinfos          957/32767      38280/1310680  ( 2.9%)
faces           33490/65535     669800/1310700  (51.1%)
* worldfaces    33454/32768          0/0        (102.1%)
clipnodes       12828/32767     102624/262136   (39.1%)
leaves           9818/32760     274904/917280   (30.0%)
* visleafs       9781/8192           0/0        (119.4%)
marksurfaces    39735/65535      79470/131070   (60.6%)
surfedges      158453/512000    633812/2048000  (30.9%)
edges           80145/256000    320580/1024000  (31.3%)
texdata          [variable]       1556/33554432  ( 0.0%)
lightdata        [variable]          0/33554432  ( 0.0%)
visdata          [variable]          0/8388608  ( 0.0%)
entdata          [variable]       5033/2097152  ( 0.2%)
* AllocBlock       99/64             0/0        (154.7%)
10 textures referenced
=== Total BSP file data space used: 3159563 bytes ===
Wad files required to run the map: "textures.wad;"
9.20 seconds elapsed

-----   END   hlbsp -----



