hlcsg v3.4 VL30 (Nov 23 2012)
Zoner's Half-Life Compilation Tools -- Custom Build
Based on code modifications by Sean 'Zoner' Cavanaugh
Based on Valve's version, modified with permission.
Submit detailed bug reports to (vluzacn@163.com)
-----  BEGIN  hlcsg -----
Command line: C:\Users\Tom\Desktop\QUAKEM~1\zips\VLUZAC~1\tools\hlcsg.exe "C:\Users\Tom\Desktop\QUAKE MOD STUFF\DARKPLACES\ID1\maps\shutit" 
Arguments: "C:\Users\Tom\Desktop\QUAKE MOD STUFF\DARKPLACES\ID1\maps\shutit" -low -wadautodetect 
Entering C:\Users\Tom\Desktop\QUAKE MOD STUFF\DARKPLACES\ID1\maps\shutit.map

Current hlcsg Settings
Name                 |  Setting  |  Default
---------------------|-----------|-------------------------
threads               [       4 ] [  Varies ]
verbose               [     off ] [     off ]
log                   [      on ] [      on ]
reset logfile         [      on ] [      on ]
developer             [       0 ] [       0 ]
chart                 [     off ] [     off ]
estimate              [     off ] [     off ]
max texture memory    [ 33554432 ] [ 33554432 ]
max lighting memory   [ 33554432 ] [ 33554432 ]
priority              [     Low ] [  Normal ]

noclip                [     off ] [     off ]
null texture stripping[      on ] [      on ]
clipnode economy mode [     off ] [     off ]
clip hull type        [  simple ] [  simple ]
onlyents              [     off ] [     off ]
wadtextures           [      on ] [      on ]
skyclip               [      on ] [      on ]
hullfile              [    None ] [    None ]
wadcfg by file        [    None ] [    None ]
wadcfg by name        [    None ] [    None ]
nullfile              [    None ] [    None ]
nullify trigger       [      on ] [      on ]
min surface area      [   0.000 ] [   0.000 ]
brush union threshold [   0.000 ] [   0.000 ]
map scaling           [    None ] [    None ]
light name optimize   [      on ] [      on ]
UTF8 game_text        [      on ] [      on ]

Using mapfile wad configuration
Wadfiles not in use by the map will be excluded
Wadinclude list :
[zhlt.wad]

CreateBrush:
 (0.95 seconds)
CSGBrush:
 (0.57 seconds)

Including Wadfile: \users\tom\desktop\quake mod stuff\zips\valve_hammer_editor_353_10032015__2\valve hammer editor\zhlt.wad
 - Contains 4 used textures, 80.00 percent of map (18 textures in wad)
Using Wadfile: \users\tom\desktop\quake mod stuff\darkplaces\id1\textures.wad
 - Warning: Larger than expected texture (490412 bytes): 'BUILDING2'
 - Warning: Larger than expected texture (1393452 bytes): 'BUILDING1'
 - Warning: Larger than expected texture (1393452 bytes): 'FLOOR2'
 - Contains 1 used texture, 20.00 percent of map (71 textures in wad)

Wad files required to run the map: "textures.wad;"

Texture usage is at 0.09 mb (of 32.00 mb MAX)
1.61 seconds elapsed

-----   END   hlcsg -----



hlbsp v3.4 VL30 (Nov 23 2012)
Zoner's Half-Life Compilation Tools -- Custom Build
Based on code modifications by Sean 'Zoner' Cavanaugh
Based on Valve's version, modified with permission.
Submit detailed bug reports to (vluzacn@163.com)
-----  BEGIN  hlbsp -----
Command line: C:\Users\Tom\Desktop\QUAKEM~1\zips\VALVE_~1\VALVEH~1\VTLS\hlbsp.exe "C:\Users\Tom\Desktop\QUAKE MOD STUFF\DARKPLACES\ID1\maps\shutit" 
Arguments: "C:\Users\Tom\Desktop\QUAKE MOD STUFF\DARKPLACES\ID1\maps\shutit" -low -chart 

Current hlbsp Settings
Name               |  Setting  |  Default
-------------------|-----------|-------------------------
threads             [       4 ] [  Varies ]
verbose             [     off ] [     off ]
log                 [      on ] [      on ]
developer           [       0 ] [       0 ]
chart               [      on ] [     off ]
estimate            [     off ] [     off ]
max texture memory  [ 33554432 ] [ 33554432 ]
priority            [     Low ] [  Normal ]

noclip              [     off ] [     off ]
nofill              [     off ] [     off ]
noinsidefill        [     off ] [     off ]
noopt               [     off ] [     off ]
no clipnode merging [     off ] [     off ]
null tex. stripping [      on ] [      on ]
notjunc             [     off ] [     off ]
nobrink             [     off ] [     off ]
subdivide size      [     240 ] [     240 ] (Min 64) (Max 512)
max node size       [    1024 ] [    1024 ] (Min 64) (Max 65536)
remove hull 2       [     off ] [     off ]


SolidBSP [hull 0] 500...1000...1500...2000...2500...3000...3500...3930 (0.20 seconds)
BSP generation successful, writing portal file 'C:\Users\Tom\Desktop\QUAKE MOD STUFF\DARKPLACES\ID1\maps\shutit.prt'
SolidBSP [hull 1] 500...1000...1500...2000...2500...3000...3500...3998 (1.56 seconds)
SolidBSP [hull 2] 500...1000...1500...2000...2500...3000...3500...3919 (1.46 seconds)
SolidBSP [hull 3] 500...1000...1500...2000...2500...3000...3500...4000...4002 (1.54 seconds)
Reduced 11884 clipnodes to 11197
Reduced 9 texinfos to 6
Reduced 4 texdatas to 2 (3516 bytes to 1204)
Reduced 33584 planes to 8272
FixBrinks:
Increased 11197 clipnodes to 11580.

Object names  Objects/Maxobjs  Memory / Maxmem  Fullness
------------  ---------------  ---------------  --------
models              1/512           64/32768    ( 0.2%)
planes           8272/32768     165440/655360   (25.2%)
vertexes         5975/65535      71700/786420   ( 9.1%)
nodes            3684/32767      88416/786408   (11.2%)
texinfos            6/32767        240/1310680  ( 0.0%)
faces            6621/65535     132420/1310700  (10.1%)
* worldfaces     6621/32768          0/0        (20.2%)
clipnodes       11580/32767      92640/262136   (35.3%)
leaves           1573/32760      44044/917280   ( 4.8%)
* visleafs       1572/8192           0/0        (19.2%)
marksurfaces     7746/65535      15492/131070   (11.8%)
surfedges       26219/512000    104876/2048000  ( 5.1%)
edges           13301/256000     53204/1024000  ( 5.2%)
texdata          [variable]       1204/33554432  ( 0.0%)
lightdata        [variable]          0/33554432  ( 0.0%)
visdata          [variable]          0/8388608  ( 0.0%)
entdata          [variable]        241/2097152  ( 0.0%)
* AllocBlock       34/64             0/0        (53.1%)
2 textures referenced
=== Total BSP file data space used: 769981 bytes ===
Wad files required to run the map: "textures.wad;"
7.21 seconds elapsed

-----   END   hlbsp -----



