hlcsg v3.4 VL30 (Nov 23 2012)
Zoner's Half-Life Compilation Tools -- Custom Build
Based on code modifications by Sean 'Zoner' Cavanaugh
Based on Valve's version, modified with permission.
Submit detailed bug reports to (vluzacn@163.com)
-----  BEGIN  hlcsg -----
Command line: "C:\Users\Tom\Desktop\QUAKE MOD STUFF\zips\valve_hammer_editor_353_10032015__2\Valve Hammer Editor\VTLS\hlcsg.exe" maps/unnamed 
Arguments: maps/unnamed -low -wadautodetect 
Entering maps\unnamed.map
Error: Parsing Entity 0, Brush 0, Side 2 : Expecting '(' got ']'

-----   END   hlcsg -----



hlbsp v3.4 VL30 (Nov 23 2012)
Zoner's Half-Life Compilation Tools -- Custom Build
Based on code modifications by Sean 'Zoner' Cavanaugh
Based on Valve's version, modified with permission.
Submit detailed bug reports to (vluzacn@163.com)
-----  BEGIN  hlbsp -----
Command line: "C:\Users\Tom\Desktop\QUAKE MOD STUFF\zips\valve_hammer_editor_353_10032015__2\Valve Hammer Editor\VTLS\hlbsp.exe" maps/unnamed 
Arguments: maps/unnamed -low -chart 
>> There was a problem compiling the map.
>> Check the file maps\unnamed.log for the cause.

-----   END   hlbsp -----



