169
444
1
1
1
1
1
1
1
1
1
1
1
1
1
1
1
1
1
1
1
1
1
1
1
1
1
1
1
1
1
1
1
1
1
1
1
1
1
1
1
1
1
1
1
1
1
1
1
1
1
1
1
1
1
1
1
1
1
1
1
1
1
1
1
1
1
1
1
1
1
1
1
1
1
1
1
1
1
1
1
1
1
1
1
1
1
1
1
1
1
1
1
1
1
1
1
1
1
1
1
1
1
1
1
1
1
1
1
1
1
1
1
1
1
1
1
1
1
1
1
1
1
1
1
1
1
1
1
1
1
1
1
1
1
1
1
1
1
1
1
1
1
1
1
1
1
1
1
1
1
1
1
1
1
1
1
1
1
1
1
1
1
1
1
1
1
1
1
1
1
4 0 17 (1536.000000 2336.000000 -64.000000) (1536.000000 2304.000000 -64.000000) (1536.000000 2304.000000 1280.000000) (1536.000000 2336.000000 1280.000000) 
4 0 2 (1536.000000 2304.000000 1280.000000) (1536.000000 2304.000000 1248.000000) (2304.000000 2304.000000 1248.000000) (2304.000000 2304.000000 1280.000000) 
4 0 7 (1536.000000 2304.000000 -32.000000) (1536.000000 2304.000000 -64.000000) (2304.000000 2304.000000 -64.000000) (2304.000000 2304.000000 -32.000000) 
4 0 1 (2304.000000 2304.000000 -64.000000) (2336.000000 2304.000000 -64.000000) (2336.000000 2304.000000 1280.000000) (2304.000000 2304.000000 1280.000000) 
4 1 9 (2304.000000 1536.000000 1248.000000) (2304.000000 1536.000000 -32.000000) (2336.000000 1536.000000 -32.000000) (2336.000000 1536.000000 1248.000000) 
4 1 8 (2336.000000 1536.000000 1280.000000) (2304.000000 1536.000000 1280.000000) (2304.000000 1536.000000 1248.000000) (2336.000000 1536.000000 1248.000000) 
4 1 16 (2304.000000 1536.000000 -32.000000) (2304.000000 1536.000000 -64.000000) (2336.000000 1536.000000 -64.000000) (2336.000000 1536.000000 -32.000000) 
4 1 2 (2304.000000 2304.000000 1280.000000) (2304.000000 2304.000000 1248.000000) (2304.000000 1536.000000 1248.000000) (2304.000000 1536.000000 1280.000000) 
4 1 7 (2304.000000 2304.000000 -32.000000) (2304.000000 2304.000000 -64.000000) (2304.000000 1536.000000 -64.000000) (2304.000000 1536.000000 -32.000000) 
4 2 23 (1536.000000 1536.000000 1248.000000) (1536.000000 1536.000000 1280.000000) (1536.000000 1792.000000 1280.000000) (1536.000000 1792.000000 1248.000000) 
4 2 18 (1536.000000 1792.000000 1280.000000) (1536.000000 2304.000000 1280.000000) (1536.000000 2304.000000 1248.000000) (1536.000000 1792.000000 1248.000000) 
4 2 8 (2304.000000 1536.000000 1280.000000) (1536.000000 1536.000000 1280.000000) (1536.000000 1536.000000 1248.000000) (2304.000000 1536.000000 1248.000000) 
4 3 24 (1536.000000 1536.000000 48.000000) (1536.000000 1536.000000 1248.000000) (1536.000000 1792.000000 1248.000000) (1536.000000 1792.000000 96.000000) 
5 3 19 (1536.000000 1792.000000 1248.000000) (1536.000000 2304.000000 1248.000000) (1536.000000 2304.000000 336.000000) (1536.000000 2048.000000 200.000000) (1536.000000 1792.000000 96.000000) 
4 3 13 (1536.000000 1536.000000 1248.000000) (1536.000000 1536.000000 48.000000) (1792.000000 1536.000000 48.000000) (1792.000000 1536.000000 1248.000000) 
4 3 10 (1792.000000 1536.000000 48.000000) (2304.000000 1536.000000 48.000000) (2304.000000 1536.000000 1248.000000) (1792.000000 1536.000000 1248.000000) 
3 4 21 (1536.000000 2048.000000 168.000000) (1536.000000 1885.090909 81.454545) (1536.000000 1792.000000 64.000000) 
4 4 5 (1536.000000 1885.090909 81.454545) (1536.000000 2048.000000 168.000000) (2304.000000 2048.000000 168.000000) (2304.000000 1885.090909 81.454545) 
4 4 6 (1536.000000 1792.000000 64.000000) (1536.000000 1885.090909 81.454545) (2304.000000 1885.090909 81.454545) (2304.000000 1792.000000 64.000000) 
4 5 21 (1536.000000 2304.000000 272.000000) (1536.000000 2304.000000 160.000000) (1536.000000 1885.090909 81.454545) (1536.000000 2048.000000 168.000000) 
3 5 20 (1536.000000 2304.000000 304.000000) (1536.000000 2304.000000 272.000000) (1536.000000 2048.000000 168.000000) 
4 5 6 (1536.000000 1885.090909 81.454545) (1536.000000 2304.000000 160.000000) (2304.000000 2304.000000 160.000000) (2304.000000 1885.090909 81.454545) 
4 6 27 (1536.000000 1536.000000 -32.000000) (1536.000000 1536.000000 0.000000) (1536.000000 1621.333333 32.000000) (1536.000000 1792.000000 64.000000) 
3 6 25 (1536.000000 1536.000000 0.000000) (1536.000000 1536.000000 16.000000) (1536.000000 1621.333333 32.000000) 
3 6 28 (1536.000000 1536.000000 -32.000000) (1536.000000 1792.000000 64.000000) (1536.000000 1792.000000 -32.000000) 
4 6 21 (1536.000000 1792.000000 64.000000) (1536.000000 2304.000000 160.000000) (1536.000000 2304.000000 -32.000000) (1536.000000 1792.000000 -32.000000) 
4 6 14 (1536.000000 1536.000000 16.000000) (1536.000000 1536.000000 -32.000000) (1792.000000 1536.000000 -32.000000) (1792.000000 1536.000000 16.000000) 
4 6 12 (1792.000000 1536.000000 -32.000000) (2304.000000 1536.000000 -32.000000) (2304.000000 1536.000000 16.000000) (1792.000000 1536.000000 16.000000) 
4 7 29 (1536.000000 1792.000000 -64.000000) (1536.000000 1536.000000 -64.000000) (1536.000000 1536.000000 -32.000000) (1536.000000 1792.000000 -32.000000) 
4 7 22 (1536.000000 2304.000000 -64.000000) (1536.000000 1792.000000 -64.000000) (1536.000000 1792.000000 -32.000000) (1536.000000 2304.000000 -32.000000) 
4 7 16 (1536.000000 1536.000000 -32.000000) (1536.000000 1536.000000 -64.000000) (2304.000000 1536.000000 -64.000000) (2304.000000 1536.000000 -32.000000) 
4 8 31 (1536.000000 1024.000000 1280.000000) (1536.000000 1024.000000 1248.000000) (2304.000000 1024.000000 1248.000000) (2304.000000 1024.000000 1280.000000) 
4 8 30 (2304.000000 1024.000000 1248.000000) (2336.000000 1024.000000 1248.000000) (2336.000000 1024.000000 1280.000000) (2304.000000 1024.000000 1280.000000) 
4 8 23 (1536.000000 1024.000000 1248.000000) (1536.000000 1024.000000 1280.000000) (1536.000000 1536.000000 1280.000000) (1536.000000 1536.000000 1248.000000) 
4 8 9 (2336.000000 1536.000000 1248.000000) (2336.000000 1024.000000 1248.000000) (2304.000000 1024.000000 1248.000000) (2304.000000 1536.000000 1248.000000) 
4 9 30 (2304.000000 1024.000000 -32.000000) (2336.000000 1024.000000 -32.000000) (2336.000000 1024.000000 1248.000000) (2304.000000 1024.000000 1248.000000) 
4 9 16 (2336.000000 1024.000000 -32.000000) (2304.000000 1024.000000 -32.000000) (2304.000000 1536.000000 -32.000000) (2336.000000 1536.000000 -32.000000) 
4 10 32 (2304.000000 1024.000000 0.000000) (2304.000000 1024.000000 1248.000000) (1792.000000 1024.000000 1248.000000) (1792.000000 1024.000000 0.000000) 
4 10 15 (1792.000000 1280.000000 16.000000) (1792.000000 1024.000000 16.000000) (1792.000000 1024.000000 1248.000000) (1792.000000 1280.000000 1248.000000) 
4 10 13 (1792.000000 1536.000000 1248.000000) (1792.000000 1536.000000 48.000000) (1792.000000 1280.000000 16.000000) (1792.000000 1280.000000 1248.000000) 
4 11 12 (2304.000000 1152.000000 -32.000000) (1792.000000 1152.000000 -32.000000) (1792.000000 1280.000000 -16.000000) (2304.000000 1280.000000 -16.000000) 
4 12 14 (1792.000000 1536.000000 16.000000) (1792.000000 1536.000000 -32.000000) (1792.000000 1280.000000 -32.000000) (1792.000000 1280.000000 -16.000000) 
4 13 24 (1536.000000 1280.000000 1248.000000) (1536.000000 1536.000000 1248.000000) (1536.000000 1536.000000 48.000000) (1536.000000 1280.000000 48.000000) 
4 13 15 (1792.000000 1280.000000 16.000000) (1792.000000 1280.000000 1248.000000) (1536.000000 1280.000000 1248.000000) (1536.000000 1280.000000 0.000000) 
4 15 32 (1536.000000 1024.000000 1248.000000) (1536.000000 1024.000000 0.000000) (1792.000000 1024.000000 16.000000) (1792.000000 1024.000000 1248.000000) 
4 15 26 (1536.000000 1024.000000 0.000000) (1536.000000 1024.000000 48.000000) (1536.000000 1280.000000 48.000000) (1536.000000 1280.000000 0.000000) 
4 15 24 (1536.000000 1024.000000 48.000000) (1536.000000 1024.000000 1248.000000) (1536.000000 1280.000000 1248.000000) (1536.000000 1280.000000 48.000000) 
4 16 33 (1536.000000 1024.000000 -32.000000) (1536.000000 1024.000000 -64.000000) (2304.000000 1024.000000 -64.000000) (2304.000000 1024.000000 -32.000000) 
4 16 30 (2304.000000 1024.000000 -64.000000) (2336.000000 1024.000000 -64.000000) (2336.000000 1024.000000 -32.000000) (2304.000000 1024.000000 -32.000000) 
4 16 29 (1536.000000 1024.000000 -64.000000) (1536.000000 1024.000000 -32.000000) (1536.000000 1536.000000 -32.000000) (1536.000000 1536.000000 -64.000000) 
4 17 75 (0.000000 2304.000000 1280.000000) (0.000000 2336.000000 1280.000000) (0.000000 2336.000000 -64.000000) (0.000000 2304.000000 -64.000000) 
4 17 22 (1536.000000 2304.000000 -64.000000) (1536.000000 2304.000000 -32.000000) (0.000000 2304.000000 -32.000000) (0.000000 2304.000000 -64.000000) 
4 17 18 (1536.000000 2304.000000 1248.000000) (1536.000000 2304.000000 1280.000000) (0.000000 2304.000000 1280.000000) (0.000000 2304.000000 1248.000000) 
4 18 76 (0.000000 1792.000000 1248.000000) (0.000000 1792.000000 1280.000000) (0.000000 2304.000000 1280.000000) (0.000000 2304.000000 1248.000000) 
4 18 23 (0.000000 1792.000000 1280.000000) (0.000000 1792.000000 1248.000000) (1536.000000 1792.000000 1248.000000) (1536.000000 1792.000000 1280.000000) 
5 19 77 (0.000000 1792.000000 96.000000) (0.000000 1792.000000 1248.000000) (0.000000 2304.000000 1248.000000) (0.000000 2304.000000 336.000000) (0.000000 2048.000000 200.000000) 
4 19 24 (0.000000 1792.000000 1248.000000) (0.000000 1792.000000 96.000000) (1536.000000 1792.000000 96.000000) (1536.000000 1792.000000 1248.000000) 
3 20 79 (0.000000 2304.000000 304.000000) (0.000000 2304.000000 272.000000) (0.000000 2048.000000 168.000000) 
4 20 21 (0.000000 2048.000000 168.000000) (0.000000 2304.000000 272.000000) (1536.000000 2304.000000 272.000000) (1536.000000 2048.000000 168.000000) 
4 21 80 (0.000000 1792.000000 -32.000000) (0.000000 1792.000000 64.000000) (0.000000 2304.000000 272.000000) (0.000000 2304.000000 -32.000000) 
4 21 28 (0.000000 1792.000000 64.000000) (0.000000 1792.000000 -32.000000) (1536.000000 1792.000000 -32.000000) (1536.000000 1792.000000 64.000000) 
4 22 81 (0.000000 1792.000000 -64.000000) (0.000000 1792.000000 -32.000000) (0.000000 2304.000000 -32.000000) (0.000000 2304.000000 -64.000000) 
4 22 29 (0.000000 1792.000000 -32.000000) (0.000000 1792.000000 -64.000000) (1536.000000 1792.000000 -64.000000) (1536.000000 1792.000000 -32.000000) 
4 23 133 (0.000000 1024.000000 1248.000000) (0.000000 1024.000000 1280.000000) (0.000000 1280.000000 1280.000000) (0.000000 1280.000000 1248.000000) 
4 23 82 (0.000000 1280.000000 1280.000000) (0.000000 1792.000000 1280.000000) (0.000000 1792.000000 1248.000000) (0.000000 1280.000000 1248.000000) 
4 23 31 (0.000000 1024.000000 1280.000000) (0.000000 1024.000000 1248.000000) (1536.000000 1024.000000 1248.000000) (1536.000000 1024.000000 1280.000000) 
4 24 134 (0.000000 1024.000000 0.000000) (0.000000 1024.000000 1248.000000) (0.000000 1280.000000 1248.000000) (0.000000 1280.000000 0.000000) 
4 24 88 (0.000000 1280.000000 1248.000000) (0.000000 1536.000000 1248.000000) (0.000000 1536.000000 80.000000) (0.000000 1280.000000 0.000000) 
4 24 83 (0.000000 1536.000000 1248.000000) (0.000000 1792.000000 1248.000000) (0.000000 1792.000000 96.000000) (0.000000 1536.000000 0.000000) 
5 24 32 (0.000000 1024.000000 1248.000000) (0.000000 1024.000000 0.000000) (1280.000000 1024.000000 0.000000) (1536.000000 1024.000000 48.000000) (1536.000000 1024.000000 1248.000000) 
4 24 27 (1536.000000 1792.000000 96.000000) (1536.000000 1664.000000 48.000000) (1450.666992 1621.333496 32.000061) (1450.666992 1792.000000 96.000000) 
4 24 26 (1536.000000 1280.000000 48.000000) (1536.000000 1024.000000 48.000000) (1280.000000 1024.000000 0.000000) (1280.000000 1280.000000 0.000000) 
3 24 25 (1280.000000 1536.000000 0.000000) (1536.000000 1664.000000 48.000000) (1536.000000 1536.000000 48.000000) 
4 25 27 (1536.000000 1664.000000 48.000000) (1536.000000 1536.000000 0.000000) (1450.666992 1536.000000 0.000000) (1450.666992 1621.333496 32.000061) 
3 26 32 (1280.000000 1024.000000 0.000000) (1536.000000 1024.000000 0.000000) (1536.000000 1024.000000 48.000000) 
4 27 28 (1536.000000 1792.000000 64.000000) (1536.000000 1536.000000 -32.000000) (1280.000000 1536.000000 -32.000000) (1280.000000 1792.000000 64.000000) 
3 28 86 (0.000000 1792.000000 64.000000) (0.000000 1792.000000 -32.000000) (0.000000 1536.000000 -32.000000) 
4 29 135 (0.000000 1024.000000 -64.000000) (0.000000 1024.000000 -32.000000) (0.000000 1280.000000 -32.000000) (0.000000 1280.000000 -64.000000) 
3 29 90 (0.000000 1536.000000 -32.000000) (0.000000 1536.000000 -64.000000) (0.000000 1433.600000 -64.000000) 
4 29 87 (0.000000 1536.000000 -32.000000) (0.000000 1792.000000 -32.000000) (0.000000 1792.000000 -64.000000) (0.000000 1536.000000 -64.000000) 
4 29 33 (0.000000 1024.000000 -32.000000) (0.000000 1024.000000 -64.000000) (1536.000000 1024.000000 -64.000000) (1536.000000 1024.000000 -32.000000) 
4 30 34 (2336.000000 512.000000 1280.000000) (2304.000000 512.000000 1280.000000) (2304.000000 512.000000 -64.000000) (2336.000000 512.000000 -64.000000) 
4 30 31 (2304.000000 1024.000000 1280.000000) (2304.000000 1024.000000 1248.000000) (2304.000000 512.000000 1248.000000) (2304.000000 512.000000 1280.000000) 
4 30 33 (2304.000000 1024.000000 -32.000000) (2304.000000 1024.000000 -64.000000) (2304.000000 512.000000 -64.000000) (2304.000000 512.000000 -32.000000) 
4 31 133 (0.000000 512.000000 1248.000000) (0.000000 512.000000 1280.000000) (0.000000 1024.000000 1280.000000) (0.000000 1024.000000 1248.000000) 
4 31 35 (2304.000000 512.000000 1280.000000) (0.000000 512.000000 1280.000000) (0.000000 512.000000 1248.000000) (2304.000000 512.000000 1248.000000) 
4 32 134 (0.000000 512.000000 0.000000) (0.000000 512.000000 1248.000000) (0.000000 1024.000000 1248.000000) (0.000000 1024.000000 0.000000) 
4 32 36 (0.000000 512.000000 1248.000000) (0.000000 512.000000 0.000000) (2304.000000 512.000000 0.000000) (2304.000000 512.000000 1248.000000) 
4 33 135 (0.000000 512.000000 -64.000000) (0.000000 512.000000 -32.000000) (0.000000 1024.000000 -32.000000) (0.000000 1024.000000 -64.000000) 
4 33 38 (0.000000 512.000000 -32.000000) (0.000000 512.000000 -64.000000) (2304.000000 512.000000 -64.000000) (2304.000000 512.000000 -32.000000) 
4 34 43 (2304.000000 -256.000000 0.000000) (2304.000000 -256.000000 -32.000000) (2336.000000 -256.000000 -32.000000) (2336.000000 -256.000000 0.000000) 
4 34 44 (2304.000000 -256.000000 -32.000000) (2304.000000 -256.000000 -64.000000) (2336.000000 -256.000000 -64.000000) (2336.000000 -256.000000 -32.000000) 
4 34 40 (2336.000000 -256.000000 1280.000000) (2304.000000 -256.000000 1280.000000) (2304.000000 -256.000000 0.000000) (2336.000000 -256.000000 0.000000) 
4 34 39 (2304.000000 256.000000 -64.000000) (2304.000000 -256.000000 -64.000000) (2304.000000 -256.000000 -32.000000) (2304.000000 256.000000 -32.000000) 
4 34 38 (2304.000000 512.000000 -32.000000) (2304.000000 512.000000 -64.000000) (2304.000000 256.000000 -64.000000) (2304.000000 256.000000 -32.000000) 
4 34 35 (2304.000000 512.000000 1280.000000) (2304.000000 512.000000 1248.000000) (2304.000000 -256.000000 1248.000000) (2304.000000 -256.000000 1280.000000) 
4 35 136 (0.000000 -256.000000 1248.000000) (0.000000 -256.000000 1280.000000) (0.000000 512.000000 1280.000000) (0.000000 512.000000 1248.000000) 
4 35 46 (992.000000 -256.000000 1280.000000) (0.000000 -256.000000 1280.000000) (0.000000 -256.000000 1248.000000) (992.000000 -256.000000 1248.000000) 
4 35 41 (2304.000000 -256.000000 1280.000000) (992.000000 -256.000000 1280.000000) (992.000000 -256.000000 1248.000000) (2304.000000 -256.000000 1248.000000) 
4 36 137 (0.000000 -256.000000 0.000000) (0.000000 -256.000000 1248.000000) (0.000000 512.000000 1248.000000) (0.000000 512.000000 0.000000) 
4 36 57 (0.000000 -256.000000 40.000000) (0.000000 -256.000000 0.000000) (544.000000 -256.000000 0.000000) (544.000000 -256.000000 40.000000) 
4 36 52 (544.000000 -256.000000 64.000000) (544.000000 -256.000000 512.000000) (528.000000 -256.000000 512.000000) (528.000000 -256.000000 64.000000) 
4 36 54 (528.000000 -256.000000 40.000000) (544.000000 -256.000000 40.000000) (544.000000 -256.000000 64.000000) (528.000000 -256.000000 64.000000) 
4 36 56 (0.000000 -256.000000 512.000000) (0.000000 -256.000000 40.000000) (528.000000 -256.000000 40.000000) (528.000000 -256.000000 512.000000) 
4 36 48 (544.000000 -256.000000 0.000000) (992.000000 -256.000000 0.000000) (992.000000 -256.000000 512.000000) (544.000000 -256.000000 512.000000) 
4 36 47 (0.000000 -256.000000 1248.000000) (0.000000 -256.000000 512.000000) (992.000000 -256.000000 512.000000) (992.000000 -256.000000 1248.000000) 
4 36 42 (992.000000 -256.000000 0.000000) (2304.000000 -256.000000 0.000000) (2304.000000 -256.000000 1248.000000) (992.000000 -256.000000 1248.000000) 
4 36 37 (256.000000 -256.000000 0.000000) (0.000000 -256.000000 0.000000) (0.000000 512.000000 0.000000) (256.000000 512.000000 0.000000) 
4 37 137 (0.000000 -256.000000 -16.000000) (0.000000 -256.000000 0.000000) (0.000000 512.000000 0.000000) (0.000000 256.000000 -16.000000) 
4 38 140 (0.000000 512.000000 -32.000000) (0.000000 512.000000 -64.000000) (0.000000 256.000000 -64.000000) (0.000000 256.000000 -48.000000) 
5 38 39 (2304.000000 256.000000 -64.000000) (2304.000000 256.000000 -32.000000) (256.000000 256.000000 -32.000000) (0.000000 256.000000 -48.000000) (0.000000 256.000000 -64.000000) 
4 39 139 (0.000000 -256.000000 -64.000000) (0.000000 -256.000000 -48.000000) (0.000000 256.000000 -48.000000) (0.000000 0.000000 -64.000000) 
3 39 140 (0.000000 256.000000 -48.000000) (0.000000 256.000000 -64.000000) (0.000000 0.000000 -64.000000) 
5 39 69 (0.000000 -256.000000 -48.000000) (256.000000 -256.000000 -64.000000) (512.000000 -256.000000 -64.000000) (512.000000 -256.000000 -32.000000) (256.000000 -256.000000 -32.000000) 
3 39 70 (0.000000 -256.000000 -48.000000) (0.000000 -256.000000 -64.000000) (256.000000 -256.000000 -64.000000) 
4 39 67 (512.000000 -256.000000 -64.000000) (992.000000 -256.000000 -64.000000) (992.000000 -256.000000 -32.000000) (512.000000 -256.000000 -32.000000) 
4 39 44 (992.000000 -256.000000 -64.000000) (2304.000000 -256.000000 -64.000000) (2304.000000 -256.000000 -32.000000) (992.000000 -256.000000 -32.000000) 
4 40 45 (2304.000000 -2304.000000 0.000000) (2336.000000 -2304.000000 0.000000) (2336.000000 -2304.000000 1280.000000) (2304.000000 -2304.000000 1280.000000) 
4 40 43 (2304.000000 -256.000000 0.000000) (2336.000000 -256.000000 0.000000) (2336.000000 -2304.000000 0.000000) (2304.000000 -2304.000000 0.000000) 
4 40 41 (2304.000000 -256.000000 1280.000000) (2304.000000 -256.000000 1248.000000) (2304.000000 -2304.000000 1248.000000) (2304.000000 -2304.000000 1280.000000) 
4 41 71 (992.000000 -1280.000000 1248.000000) (992.000000 -2304.000000 1248.000000) (992.000000 -2304.000000 1280.000000) (992.000000 -1280.000000 1280.000000) 
4 41 46 (992.000000 -256.000000 1280.000000) (992.000000 -256.000000 1248.000000) (992.000000 -1280.000000 1248.000000) (992.000000 -1280.000000 1280.000000) 
4 41 45 (992.000000 -2304.000000 1280.000000) (992.000000 -2304.000000 1248.000000) (2304.000000 -2304.000000 1248.000000) (2304.000000 -2304.000000 1280.000000) 
4 42 72 (992.000000 -1280.000000 0.000000) (992.000000 -2304.000000 0.000000) (992.000000 -2304.000000 1248.000000) (992.000000 -1280.000000 1248.000000) 
4 42 51 (992.000000 -736.000000 0.000000) (992.000000 -1280.000000 0.000000) (992.000000 -1280.000000 512.000000) (992.000000 -736.000000 512.000000) 
4 42 48 (992.000000 -256.000000 512.000000) (992.000000 -256.000000 0.000000) (992.000000 -288.000000 0.000000) (992.000000 -288.000000 512.000000) 
4 42 47 (992.000000 -256.000000 1248.000000) (992.000000 -256.000000 512.000000) (992.000000 -1280.000000 512.000000) (992.000000 -1280.000000 1248.000000) 
4 43 45 (2304.000000 -2304.000000 -32.000000) (2336.000000 -2304.000000 -32.000000) (2336.000000 -2304.000000 0.000000) (2304.000000 -2304.000000 0.000000) 
4 43 44 (2336.000000 -2304.000000 -32.000000) (2304.000000 -2304.000000 -32.000000) (2304.000000 -256.000000 -32.000000) (2336.000000 -256.000000 -32.000000) 
4 44 73 (992.000000 -1280.000000 -64.000000) (992.000000 -2304.000000 -64.000000) (992.000000 -2304.000000 -32.000000) (992.000000 -1280.000000 -32.000000) 
4 44 67 (992.000000 -256.000000 -32.000000) (992.000000 -256.000000 -64.000000) (992.000000 -1280.000000 -64.000000) (992.000000 -1280.000000 -32.000000) 
4 44 45 (992.000000 -2304.000000 -32.000000) (992.000000 -2304.000000 -64.000000) (2336.000000 -2304.000000 -64.000000) (2336.000000 -2304.000000 -32.000000) 
4 45 74 (992.000000 -2304.000000 -64.000000) (992.000000 -2336.000000 -64.000000) (992.000000 -2336.000000 1280.000000) (992.000000 -2304.000000 1280.000000) 
4 46 152 (0.000000 -1280.000000 1248.000000) (0.000000 -1280.000000 1280.000000) (0.000000 -768.000000 1280.000000) (0.000000 -768.000000 1248.000000) 
4 46 145 (0.000000 -768.000000 1280.000000) (0.000000 -256.000000 1280.000000) (0.000000 -256.000000 1248.000000) (0.000000 -768.000000 1248.000000) 
4 46 71 (992.000000 -1280.000000 1248.000000) (992.000000 -1280.000000 1280.000000) (0.000000 -1280.000000 1280.000000) (0.000000 -1280.000000 1248.000000) 
4 47 153 (0.000000 -1280.000000 512.000000) (0.000000 -1280.000000 1248.000000) (0.000000 -768.000000 1248.000000) (0.000000 -768.000000 512.000000) 
4 47 147 (0.000000 -768.000000 1248.000000) (0.000000 -512.000000 1248.000000) (0.000000 -512.000000 512.000000) (0.000000 -768.000000 512.000000) 
4 47 146 (0.000000 -512.000000 1248.000000) (0.000000 -256.000000 1248.000000) (0.000000 -256.000000 512.000000) (0.000000 -512.000000 512.000000) 
4 47 72 (992.000000 -1280.000000 512.000000) (992.000000 -1280.000000 1248.000000) (0.000000 -1280.000000 1248.000000) (0.000000 -1280.000000 512.000000) 
4 47 65 (0.000000 -1280.000000 512.000000) (0.000000 -768.000000 512.000000) (256.000000 -768.000000 512.000000) (256.000000 -1280.000000 512.000000) 
4 47 64 (0.000000 -768.000000 512.000000) (0.000000 -421.335310 512.000000) (256.000000 -464.001046 512.000000) (256.000000 -768.000000 512.000000) 
4 47 62 (256.000000 -464.001046 512.000000) (512.000000 -506.666783 512.000000) (512.000000 -1280.000000 512.000000) (256.000000 -1280.000000 512.000000) 
4 47 61 (512.000000 -506.666783 512.000000) (544.000000 -512.000000 512.000000) (544.000000 -1280.000000 512.000000) (512.000000 -1280.000000 512.000000) 
4 47 53 (544.000000 -448.000000 512.000000) (544.000000 -464.000000 512.000000) (528.000000 -464.000000 512.000000) (528.000000 -448.000000 512.000000) 
4 47 52 (528.000000 -256.000000 512.000000) (544.000000 -256.000000 512.000000) (544.000000 -448.000000 512.000000) (528.000000 -448.000000 512.000000) 
4 47 55 (544.000000 -464.000000 512.000000) (544.000000 -512.000000 512.000000) (528.000000 -509.333391 512.000000) (528.000000 -464.000000 512.000000) 
4 47 56 (0.000000 -421.335310 512.000000) (0.000000 -256.000000 512.000000) (528.000000 -256.000000 512.000000) (528.000000 -509.333391 512.000000) 
4 47 51 (992.000000 -736.000000 512.000000) (992.000000 -1280.000000 512.000000) (544.000000 -1280.000000 512.000000) (544.000000 -736.000000 512.000000) 
4 47 48 (544.000000 -256.000000 512.000000) (992.000000 -256.000000 512.000000) (992.000000 -288.000000 512.000000) (544.000000 -288.000000 512.000000) 
4 48 57 (544.000000 -256.000000 40.000000) (544.000000 -256.000000 0.000000) (544.000000 -288.000000 0.000000) (544.000000 -288.000000 40.000000) 
4 48 52 (544.000000 -256.000000 512.000000) (544.000000 -256.000000 64.000000) (544.000000 -288.000000 64.000000) (544.000000 -288.000000 512.000000) 
4 48 54 (544.000000 -256.000000 64.000000) (544.000000 -256.000000 40.000000) (544.000000 -288.000000 40.000000) (544.000000 -288.000000 64.000000) 
4 49 50 (560.000000 -384.000000 128.000000) (560.000000 -320.000000 128.000000) (560.000000 -320.000000 16.000000) (560.000000 -384.000000 16.000000) 
4 50 57 (544.000000 -320.000000 40.000000) (544.000000 -320.000000 16.000000) (544.000000 -384.000000 16.000000) (544.000000 -384.000000 40.000000) 
4 50 52 (544.000000 -384.000000 128.000000) (544.000000 -320.000000 128.000000) (544.000000 -320.000000 64.000000) (544.000000 -384.000000 64.000000) 
4 50 54 (544.000000 -320.000000 64.000000) (544.000000 -320.000000 40.000000) (544.000000 -384.000000 40.000000) (544.000000 -384.000000 64.000000) 
4 51 72 (992.000000 -1280.000000 0.000000) (992.000000 -1280.000000 512.000000) (544.000000 -1280.000000 512.000000) (544.000000 -1280.000000 0.000000) 
4 51 61 (544.000000 -736.000000 0.000000) (544.000000 -1280.000000 0.000000) (544.000000 -1280.000000 512.000000) (544.000000 -736.000000 512.000000) 
4 52 53 (544.000000 -448.000000 80.000000) (544.000000 -448.000000 512.000000) (528.000000 -448.000000 512.000000) (528.000000 -448.000000 80.000000) 
4 52 54 (528.000000 -448.000000 64.000000) (528.000000 -256.000000 64.000000) (544.000000 -256.000000 64.000000) (544.000000 -448.000000 64.000000) 
4 52 56 (528.000000 -448.000000 512.000000) (528.000000 -256.000000 512.000000) (528.000000 -256.000000 64.000000) (528.000000 -448.000000 64.000000) 
4 53 55 (544.000000 -464.000000 80.000000) (544.000000 -464.000000 512.000000) (528.000000 -464.000000 512.000000) (528.000000 -464.000000 80.000000) 
4 53 56 (528.000000 -464.000000 512.000000) (528.000000 -448.000000 512.000000) (528.000000 -448.000000 80.000000) (528.000000 -464.000000 80.000000) 
4 54 58 (544.000000 -408.000000 40.000000) (544.000000 -464.000000 40.000000) (528.000000 -464.000000 40.000000) (528.000000 -410.666667 40.000000) 
4 54 57 (528.000000 -256.000000 40.000000) (544.000000 -256.000000 40.000000) (544.000000 -400.000000 40.000000) (528.000000 -402.666670 40.000000) 
4 54 55 (528.000000 -464.000000 40.000000) (544.000000 -464.000000 40.000000) (544.000000 -464.000000 64.000000) (528.000000 -464.000000 64.000000) 
4 54 56 (528.000000 -256.000000 64.000000) (528.000000 -256.000000 40.000000) (528.000000 -464.000000 40.000000) (528.000000 -464.000000 64.000000) 
4 55 61 (544.000000 -512.000000 40.000000) (544.000000 -512.000000 512.000000) (528.000000 -509.333391 512.000000) (528.000000 -509.333391 40.000000) 
4 55 58 (544.000000 -464.000000 40.000000) (544.000000 -504.000000 40.000000) (528.000000 -501.333333 40.000000) (528.000000 -464.000000 40.000000) 
4 55 56 (528.000000 -509.333391 40.000000) (528.000000 -509.333391 512.000000) (528.000000 -464.000000 512.000000) (528.000000 -464.000000 40.000000) 
4 56 146 (0.000000 -421.335310 512.000000) (0.000000 -256.000000 512.000000) (0.000000 -256.000000 40.000000) (0.000000 -421.335310 40.000000) 
4 56 64 (256.000000 -464.001046 512.000000) (0.000000 -421.335310 512.000000) (0.000000 -421.335310 40.000000) (256.000000 -464.001046 40.000000) 
4 56 63 (256.000000 -464.001046 50.999935) (256.000000 -464.001046 40.000000) (512.000000 -506.666783 40.000000) (512.000000 -506.666783 48.333326) 
4 56 62 (512.000000 -506.666783 512.000000) (256.000000 -464.001046 512.000000) (256.000000 -464.001046 50.999935) (512.000000 -506.666783 48.333326) 
4 56 61 (528.000000 -509.333391 512.000000) (512.000000 -506.666783 512.000000) (512.000000 -506.666783 40.000000) (528.000000 -509.333391 40.000000) 
3 56 60 (488.000000 -502.666870 40.000000) (207.996521 -456.000641 40.000000) (488.000000 -409.333344 40.000000) 
4 56 58 (528.000000 -410.666667 40.000000) (528.000000 -501.333333 40.000000) (496.000000 -496.000000 40.000000) (496.000000 -416.000000 40.000000) 
5 56 57 (0.000000 -421.335310 40.000000) (0.000000 -256.000000 40.000000) (528.000000 -256.000000 40.000000) (528.000000 -402.666670 40.000000) (207.996521 -456.000641 40.000000) 
4 57 146 (0.000000 -256.000000 40.000000) (0.000000 -256.000000 0.000000) (0.000000 -421.335310 0.000000) (0.000000 -421.335310 40.000000) 
4 57 64 (0.000000 -421.335310 0.000000) (207.996521 -456.000641 0.000000) (207.996521 -456.000641 40.000000) (0.000000 -421.335310 40.000000) 
4 57 60 (488.000000 -409.333344 40.000000) (207.996521 -456.000641 40.000000) (207.996521 -456.000641 0.000000) (488.000000 -409.333344 0.000000) 
4 60 64 (207.996521 -456.000641 0.000000) (256.000000 -464.001046 0.000000) (256.000000 -464.001046 40.000000) (207.996521 -456.000641 40.000000) 
4 60 63 (256.000000 -464.001046 0.000000) (488.000000 -502.666870 0.000000) (488.000000 -502.666870 40.000000) (256.000000 -464.001046 40.000000) 
4 61 72 (544.000000 -1280.000000 512.000000) (512.000000 -1280.000000 512.000000) (512.000000 -1280.000000 0.000000) (544.000000 -1280.000000 0.000000) 
4 61 63 (512.000000 -506.666783 0.000000) (512.000000 -768.000000 0.000000) (512.000000 -1024.000000 16.000000) (512.000000 -506.666783 48.333326) 
4 61 62 (512.000000 -1280.000000 0.000000) (512.000000 -1280.000000 512.000000) (512.000000 -506.666783 512.000000) (512.000000 -506.666783 48.333326) 
4 62 72 (512.000000 -1280.000000 512.000000) (256.000000 -1280.000000 512.000000) (256.000000 -1280.000000 0.000000) (512.000000 -1280.000000 0.000000) 
3 62 66 (256.000000 -1024.000000 16.000000) (256.000000 -1280.000000 0.000000) (256.000000 -1280.000000 16.000000) 
5 62 65 (256.000000 -768.000000 32.000000) (256.000000 -1024.000000 16.000000) (256.000000 -1280.000000 16.000000) (256.000000 -1280.000000 512.000000) (256.000000 -768.000000 512.000000) 
4 62 64 (256.000000 -464.001046 512.000000) (256.000000 -464.001046 50.999935) (256.000000 -768.000000 32.000000) (256.000000 -768.000000 512.000000) 
4 62 63 (256.000000 -1024.000000 16.000000) (256.000000 -464.001046 50.999935) (512.000000 -506.666783 48.333326) (512.000000 -1024.000000 16.000000) 
3 63 65 (256.000000 -1024.000000 16.000000) (256.000000 -768.000000 32.000000) (256.000000 -768.000000 16.000000) 
4 63 64 (256.000000 -464.001046 50.999935) (256.000000 -464.001046 0.000000) (256.000000 -768.000000 0.000000) (256.000000 -768.000000 32.000000) 
4 64 147 (0.000000 -768.000000 512.000000) (0.000000 -512.000000 512.000000) (0.000000 -512.000000 0.000000) (0.000000 -768.000000 0.000000) 
4 64 146 (0.000000 -512.000000 512.000000) (0.000000 -421.335310 512.000000) (0.000000 -421.335310 0.000000) (0.000000 -512.000000 0.000000) 
4 64 65 (0.000000 -768.000000 0.000000) (256.000000 -768.000000 16.000000) (256.000000 -768.000000 512.000000) (0.000000 -768.000000 512.000000) 
4 65 154 (0.000000 -1024.000000 24.000000) (0.000000 -768.000000 48.000000) (0.000000 -768.000000 0.000000) (0.000000 -1024.000000 0.000000) 
4 65 153 (0.000000 -1280.000000 0.000000) (0.000000 -1280.000000 512.000000) (0.000000 -768.000000 512.000000) (0.000000 -768.000000 48.000000) 
4 65 72 (256.000000 -1280.000000 512.000000) (0.000000 -1280.000000 512.000000) (0.000000 -1280.000000 0.000000) (256.000000 -1280.000000 16.000000) 
4 65 66 (256.000000 -1280.000000 16.000000) (0.000000 -1280.000000 0.000000) (0.000000 -1024.000000 0.000000) (256.000000 -1024.000000 16.000000) 
3 66 72 (0.000000 -1280.000000 0.000000) (256.000000 -1280.000000 0.000000) (256.000000 -1280.000000 16.000000) 
4 67 73 (992.000000 -1280.000000 -64.000000) (992.000000 -1280.000000 -32.000000) (512.000000 -1280.000000 -32.000000) (512.000000 -1280.000000 -64.000000) 
5 67 69 (512.000000 -256.000000 -64.000000) (512.000000 -512.000000 -64.000000) (512.000000 -768.000000 -48.000000) (512.000000 -768.000000 -32.000000) (512.000000 -256.000000 -32.000000) 
4 67 70 (512.000000 -512.000000 -64.000000) (512.000000 -1280.000000 -64.000000) (512.000000 -1280.000000 -48.000000) (512.000000 -1024.000000 -32.000000) 
3 68 157 (0.000000 -1024.000000 -32.000000) (0.000000 -1024.000000 -48.000000) (0.000000 -1194.666667 -48.000000) 
4 68 156 (0.000000 -1024.000000 -32.000000) (0.000000 -768.000000 -32.000000) (0.000000 -768.000000 -48.000000) (0.000000 -1024.000000 -48.000000) 
4 68 151 (0.000000 -768.000000 -32.000000) (0.000000 -512.000000 -32.000000) (0.000000 -512.000000 -48.000000) (0.000000 -768.000000 -48.000000) 
3 68 73 (256.000000 -1280.000000 -32.000000) (0.000000 -1280.000000 -32.000000) (0.000000 -1280.000000 -48.000000) 
3 68 69 (256.000000 -512.000000 -32.000000) (256.000000 -768.000000 -32.000000) (128.000000 -512.000000 -40.000000) 
5 68 70 (256.000000 -768.000000 -32.000000) (256.000000 -1280.000000 -32.000000) (0.000000 -1280.000000 -48.000000) (0.000000 -512.000000 -48.000000) (128.000000 -512.000000 -40.000000) 
5 69 70 (256.000000 -768.000000 -32.000000) (0.000000 -256.000000 -48.000000) (256.000000 -256.000000 -64.000000) (512.000000 -512.000000 -64.000000) (512.000000 -768.000000 -48.000000) 
5 70 157 (0.000000 -1280.000000 -64.000000) (0.000000 -1280.000000 -56.000000) (0.000000 -1194.666667 -48.000000) (0.000000 -1024.000000 -48.000000) (0.000000 -1024.000000 -64.000000) 
4 70 156 (0.000000 -1024.000000 -48.000000) (0.000000 -768.000000 -48.000000) (0.000000 -768.000000 -64.000000) (0.000000 -1024.000000 -64.000000) 
5 70 151 (0.000000 -768.000000 -48.000000) (0.000000 -341.333333 -48.000000) (0.000000 -256.000000 -56.000000) (0.000000 -256.000000 -64.000000) (0.000000 -768.000000 -64.000000) 
3 70 149 (0.000000 -341.333333 -48.000000) (0.000000 -256.000000 -48.000000) (0.000000 -256.000000 -56.000000) 
5 70 73 (256.000000 -1280.000000 -32.000000) (0.000000 -1280.000000 -48.000000) (0.000000 -1280.000000 -64.000000) (512.000000 -1280.000000 -64.000000) (512.000000 -1280.000000 -48.000000) 
4 71 160 (0.000000 -2304.000000 1280.000000) (0.000000 -1280.000000 1280.000000) (0.000000 -1280.000000 1248.000000) (0.000000 -2304.000000 1248.000000) 
4 71 74 (0.000000 -2304.000000 1280.000000) (0.000000 -2304.000000 1248.000000) (992.000000 -2304.000000 1248.000000) (992.000000 -2304.000000 1280.000000) 
4 72 161 (0.000000 -1280.000000 1248.000000) (0.000000 -1280.000000 0.000000) (0.000000 -2304.000000 0.000000) (0.000000 -2304.000000 1248.000000) 
4 73 162 (0.000000 -1280.000000 -32.000000) (0.000000 -1280.000000 -64.000000) (0.000000 -2304.000000 -64.000000) (0.000000 -2304.000000 -32.000000) 
4 73 74 (0.000000 -2304.000000 -32.000000) (0.000000 -2304.000000 -64.000000) (992.000000 -2304.000000 -64.000000) (992.000000 -2304.000000 -32.000000) 
4 74 163 (0.000000 -2336.000000 1280.000000) (0.000000 -2304.000000 1280.000000) (0.000000 -2304.000000 -64.000000) (0.000000 -2336.000000 -64.000000) 
4 75 91 (-512.000000 2304.000000 1280.000000) (-512.000000 2336.000000 1280.000000) (-512.000000 2336.000000 -64.000000) (-512.000000 2304.000000 -64.000000) 
4 75 81 (-512.000000 2304.000000 -32.000000) (-512.000000 2304.000000 -64.000000) (0.000000 2304.000000 -64.000000) (0.000000 2304.000000 -32.000000) 
4 75 76 (-512.000000 2304.000000 1280.000000) (-512.000000 2304.000000 1248.000000) (0.000000 2304.000000 1248.000000) (0.000000 2304.000000 1280.000000) 
4 76 92 (-512.000000 1792.000000 1248.000000) (-512.000000 1792.000000 1280.000000) (-512.000000 2304.000000 1280.000000) (-512.000000 2304.000000 1248.000000) 
4 76 82 (0.000000 1792.000000 1248.000000) (0.000000 1792.000000 1280.000000) (-512.000000 1792.000000 1280.000000) (-512.000000 1792.000000 1248.000000) 
4 77 96 (-512.000000 1792.000000 160.000000) (-512.000000 1792.000000 191.998581) (-512.000000 2048.000000 295.998581) (-512.000000 2048.000000 264.000000) 
4 77 95 (-512.000000 1792.000000 191.998581) (-512.000000 1792.000000 1248.000000) (-512.000000 2048.000000 1248.000000) (-512.000000 2048.000000 295.998581) 
4 77 93 (-512.000000 2048.000000 1248.000000) (-512.000000 2304.000000 1248.000000) (-512.000000 2304.000000 368.000000) (-512.000000 2048.000000 264.000000) 
4 77 84 (-256.000000 1792.000000 176.000000) (-512.000000 1792.000000 256.000000) (-512.000000 1792.000000 160.000000) (-256.000000 1792.000000 128.000000) 
4 77 83 (0.000000 1792.000000 96.000000) (0.000000 1792.000000 1248.000000) (-512.000000 1792.000000 1248.000000) (-512.000000 1792.000000 256.000000) 
4 77 78 (-512.000000 1792.000000 160.000000) (-512.000000 2304.000000 368.000000) (-256.000000 2304.000000 336.000000) (-256.000000 1792.000000 128.000000) 
4 78 96 (-512.000000 1792.000000 128.000000) (-512.000000 1792.000000 160.000000) (-512.000000 2048.000000 264.000000) (-512.000000 2048.000000 232.000000) 
3 78 93 (-512.000000 2048.000000 264.000000) (-512.000000 2304.000000 368.000000) (-512.000000 2048.000000 232.000000) 
3 78 84 (-256.000000 1792.000000 128.000000) (-512.000000 1792.000000 160.000000) (-512.000000 1792.000000 128.000000) 
4 79 80 (-256.000000 2048.000000 200.000000) (-256.000000 2304.000000 304.000000) (0.000000 2304.000000 272.000000) (0.000000 2048.000000 168.000000) 
4 80 97 (-512.000000 1792.000000 64.000000) (-512.000000 1792.000000 96.000000) (-512.000000 2048.000000 200.000000) (-512.000000 2048.000000 168.000000) 
3 80 98 (-512.000000 1792.000000 -32.000000) (-512.000000 1792.000000 64.000000) (-512.000000 2048.000000 168.000000) 
3 80 100 (-512.000000 1792.000000 -32.000000) (-512.000000 2048.000000 168.000000) (-512.000000 2048.000000 -32.000000) 
4 80 94 (-512.000000 2304.000000 304.000000) (-512.000000 2304.000000 -32.000000) (-512.000000 2048.000000 -32.000000) (-512.000000 2048.000000 168.000000) 
5 80 86 (0.000000 1792.000000 -32.000000) (0.000000 1792.000000 64.000000) (-256.000000 1792.000000 96.000000) (-512.000000 1792.000000 96.000000) (-512.000000 1792.000000 -32.000000) 
4 81 101 (-512.000000 1792.000000 -64.000000) (-512.000000 1792.000000 -32.000000) (-512.000000 2304.000000 -32.000000) (-512.000000 2304.000000 -64.000000) 
4 81 87 (0.000000 1792.000000 -64.000000) (0.000000 1792.000000 -32.000000) (-512.000000 1792.000000 -32.000000) (-512.000000 1792.000000 -64.000000) 
4 82 133 (0.000000 1280.000000 1248.000000) (0.000000 1280.000000 1280.000000) (-512.000000 1280.000000 1280.000000) (-512.000000 1280.000000 1248.000000) 
4 82 102 (-512.000000 1280.000000 1248.000000) (-512.000000 1280.000000 1280.000000) (-512.000000 1792.000000 1280.000000) (-512.000000 1792.000000 1248.000000) 
4 83 103 (-512.000000 1536.000000 160.000000) (-512.000000 1536.000000 1248.000000) (-512.000000 1792.000000 1248.000000) (-512.000000 1792.000000 256.000000) 
5 83 88 (0.000000 1536.000000 80.000000) (0.000000 1536.000000 1248.000000) (-512.000000 1536.000000 1248.000000) (-512.000000 1536.000000 160.000000) (-256.000000 1536.000000 80.000000) 
4 83 84 (-512.000000 1536.000000 160.000000) (-512.000000 1792.000000 256.000000) (-256.000000 1792.000000 176.000000) (-256.000000 1536.000000 80.000000) 
3 84 106 (-512.000000 1792.000000 143.999906) (-512.000000 1792.000000 128.000000) (-512.000000 1706.667170 112.000094) 
5 84 103 (-512.000000 1536.000000 80.000000) (-512.000000 1536.000000 160.000000) (-512.000000 1792.000000 256.000000) (-512.000000 1792.000000 143.999906) (-512.000000 1706.667170 112.000094) 
3 84 88 (-256.000000 1536.000000 80.000000) (-512.000000 1536.000000 160.000000) (-512.000000 1536.000000 80.000000) 
3 85 106 (-512.000000 1536.000000 48.000000) (-512.000000 1621.333333 64.000000) (-512.000000 1578.667379 48.000267) 
3 85 107 (-512.000000 1536.000000 32.000000) (-512.000000 1536.000000 48.000000) (-512.000000 1578.667379 48.000267) 
4 85 89 (-256.000000 1536.000000 48.000000) (-512.000000 1536.000000 48.000000) (-512.000000 1536.000000 32.000000) (-256.000000 1536.000000 0.000000) 
4 85 86 (-512.000000 1536.000000 32.000000) (-512.000000 1621.333333 64.000000) (-256.000000 1792.000000 96.000000) (-256.000000 1536.000000 -0.000000) 
4 86 106 (-512.000000 1578.667379 48.000267) (-512.000000 1621.333333 64.000000) (-512.000000 1792.000000 96.000000) (-512.000000 1792.000000 48.000267) 
5 86 107 (-512.000000 1536.000000 -32.000000) (-512.000000 1536.000000 32.000000) (-512.000000 1578.667379 48.000267) (-512.000000 1792.000000 48.000267) (-512.000000 1792.000000 -32.000000) 
3 86 89 (0.000000 1536.000000 -32.000000) (-512.000000 1536.000000 32.000000) (-512.000000 1536.000000 -32.000000) 
4 87 108 (-512.000000 1536.000000 -64.000000) (-512.000000 1536.000000 -32.000000) (-512.000000 1792.000000 -32.000000) (-512.000000 1792.000000 -64.000000) 
4 87 90 (0.000000 1536.000000 -64.000000) (0.000000 1536.000000 -32.000000) (-512.000000 1536.000000 -32.000000) (-512.000000 1536.000000 -64.000000) 
4 88 134 (0.000000 1280.000000 0.000000) (0.000000 1280.000000 1248.000000) (-512.000000 1280.000000 1248.000000) (-512.000000 1280.000000 0.000000) 
5 88 104 (-512.000000 1280.000000 48.000267) (-512.000000 1280.000000 1248.000000) (-512.000000 1536.000000 1248.000000) (-512.000000 1536.000000 80.000000) (-512.000000 1433.600855 48.000267) 
3 88 107 (-512.000000 1280.000000 0.000000) (-512.000000 1280.000000 48.000267) (-512.000000 1433.600855 48.000267) 
3 89 107 (-512.000000 1280.000000 -32.000000) (-512.000000 1536.000000 48.000000) (-512.000000 1536.000000 -32.000000) 
4 90 135 (-153.600000 1280.000000 -64.000000) (-256.000000 1280.000000 -32.000000) (-512.000000 1280.000000 -32.000000) (-512.000000 1280.000000 -64.000000) 
4 90 110 (-512.000000 1280.000000 -64.000000) (-512.000000 1280.000000 -32.000000) (-512.000000 1536.000000 -32.000000) (-512.000000 1536.000000 -64.000000) 
4 91 111 (-1280.000000 2336.000000 -64.000000) (-1280.000000 2304.000000 -64.000000) (-1280.000000 2304.000000 1280.000000) (-1280.000000 2336.000000 1280.000000) 
4 91 101 (-1280.000000 2304.000000 -32.000000) (-1280.000000 2304.000000 -64.000000) (-512.000000 2304.000000 -64.000000) (-512.000000 2304.000000 -32.000000) 
4 91 92 (-1280.000000 2304.000000 1280.000000) (-1280.000000 2304.000000 1248.000000) (-512.000000 2304.000000 1248.000000) (-512.000000 2304.000000 1280.000000) 
4 92 112 (-1280.000000 1792.000000 1248.000000) (-1280.000000 1792.000000 1280.000000) (-1280.000000 2304.000000 1280.000000) (-1280.000000 2304.000000 1248.000000) 
4 92 102 (-1280.000000 1792.000000 1280.000000) (-1280.000000 1792.000000 1248.000000) (-512.000000 1792.000000 1248.000000) (-512.000000 1792.000000 1280.000000) 
4 93 113 (-1280.000000 2048.000000 1248.000000) (-1280.000000 2304.000000 1248.000000) (-1280.000000 2304.000000 336.000000) (-1280.000000 2048.000000 200.000000) 
4 93 99 (-1024.000000 2048.000000 1248.000000) (-1280.000000 2048.000000 1248.000000) (-1280.000000 2048.000000 200.000000) (-1024.000000 2048.000000 200.000000) 
3 93 96 (-512.000000 2048.000000 232.000000) (-512.000000 2048.000000 295.998581) (-768.000000 2048.000000 200.000000) 
5 93 95 (-512.000000 2048.000000 295.998581) (-512.000000 2048.000000 1248.000000) (-1024.000000 2048.000000 1248.000000) (-1024.000000 2048.000000 200.000000) (-768.000000 2048.000000 200.000000) 
4 94 116 (-1280.000000 2304.000000 272.000000) (-1280.000000 2304.000000 -32.000000) (-1280.000000 2048.000000 -32.000000) (-1280.000000 2048.000000 168.000000) 
3 94 115 (-1280.000000 2304.000000 304.000000) (-1280.000000 2304.000000 272.000000) (-1280.000000 2048.000000 168.000000) 
4 94 100 (-512.000000 2048.000000 -32.000000) (-512.000000 2048.000000 168.000000) (-1280.000000 2048.000000 168.000000) (-1280.000000 2048.000000 -32.000000) 
5 95 103 (-512.000000 1792.000000 191.998581) (-512.000000 1792.000000 1248.000000) (-1024.000000 1792.000000 1248.000000) (-1024.000000 1792.000000 96.000000) (-768.000000 1792.000000 96.000000) 
4 95 99 (-1024.000000 1792.000000 0.001419) (-1024.000000 1792.000000 1248.000000) (-1024.000000 2048.000000 1248.000000) (-1024.000000 2048.000000 200.000000) 
4 95 98 (-1024.000000 1877.337117 34.669623) (-853.334595 2048.000000 168.000000) (-853.334595 1792.000000 64.000000) (-1024.000000 1792.000000 0.001419) 
4 95 96 (-768.000000 2048.000000 200.000000) (-512.000000 2048.000000 295.998581) (-512.000000 1792.000000 191.998581) (-768.000000 1792.000000 96.000000) 
3 95 100 (-1024.000000 1877.337117 34.669623) (-1024.000000 2048.000000 168.000000) (-853.334595 2048.000000 168.000000) 
3 96 106 (-512.000000 1792.000000 128.000000) (-512.000000 1792.000000 143.999906) (-597.332998 1792.000000 117.333375) 
4 96 103 (-512.000000 1792.000000 143.999906) (-512.000000 1792.000000 191.998581) (-768.000000 1792.000000 96.000000) (-597.332998 1792.000000 117.333375) 
3 97 106 (-512.000000 1792.000000 64.000000) (-512.000000 1792.000000 96.000000) (-768.000000 1792.000000 64.000000) 
4 97 98 (-768.000000 2048.000000 168.000000) (-512.000000 2048.000000 168.000000) (-512.000000 1792.000000 64.000000) (-768.000000 1792.000000 64.000000) 
5 98 106 (-1024.000000 1792.000000 -32.000000) (-768.000000 1792.000000 -32.000000) (-512.000000 1792.000000 48.000267) (-512.000000 1792.000000 64.000000) (-768.000000 1792.000000 64.000000) 
3 98 107 (-768.000000 1792.000000 -32.000000) (-512.000000 1792.000000 -32.000000) (-512.000000 1792.000000 48.000267) 
5 98 100 (-512.000000 1792.000000 -32.000000) (-1024.000000 1792.000000 -32.000000) (-1024.000000 1877.337117 34.669623) (-853.334595 2048.000000 168.000000) (-512.000000 2048.000000 168.000000) 
3 99 116 (-1280.000000 1792.000000 -0.000000) (-1280.000000 1792.000000 64.000000) (-1280.000000 1962.666667 133.333333) 
4 99 114 (-1280.000000 1792.000000 64.000000) (-1280.000000 1792.000000 96.000000) (-1280.000000 2048.000000 200.000000) (-1280.000000 1962.666667 133.333333) 
4 99 113 (-1280.000000 1792.000000 96.000000) (-1280.000000 1792.000000 1248.000000) (-1280.000000 2048.000000 1248.000000) (-1280.000000 2048.000000 200.000000) 
4 99 105 (-1280.000000 1792.000000 96.000000) (-1280.000000 1792.000000 0.000000) (-1024.000000 1792.000000 -0.000000) (-1024.000000 1792.000000 96.000000) 
4 99 103 (-1280.000000 1792.000000 1248.000000) (-1280.000000 1792.000000 96.000000) (-1024.000000 1792.000000 96.000000) (-1024.000000 1792.000000 1248.000000) 
3 100 116 (-1280.000000 1792.000000 -32.000000) (-1280.000000 2048.000000 168.000000) (-1280.000000 2048.000000 -32.000000) 
4 101 117 (-1280.000000 2304.000000 -64.000000) (-1280.000000 1792.000000 -64.000000) (-1280.000000 1792.000000 -32.000000) (-1280.000000 2304.000000 -32.000000) 
4 101 109 (-1280.000000 1792.000000 -32.000000) (-1280.000000 1792.000000 -64.000000) (-1024.000000 1792.000000 -64.000000) (-1024.000000 1792.000000 -32.000000) 
4 101 108 (-1024.000000 1792.000000 -64.000000) (-512.000000 1792.000000 -64.000000) (-512.000000 1792.000000 -32.000000) (-1024.000000 1792.000000 -32.000000) 
4 102 141 (-512.000000 1280.000000 1248.000000) (-512.000000 1280.000000 1280.000000) (-1280.000000 1280.000000 1280.000000) (-1280.000000 1280.000000 1248.000000) 
4 102 118 (-1280.000000 1280.000000 1248.000000) (-1280.000000 1280.000000 1280.000000) (-1280.000000 1792.000000 1280.000000) (-1280.000000 1792.000000 1248.000000) 
5 103 119 (-1280.000000 1536.000000 1248.000000) (-1280.000000 1792.000000 1248.000000) (-1280.000000 1792.000000 96.000000) (-1280.000000 1621.333333 32.000000) (-1280.000000 1536.000000 16.000000) 
3 103 121 (-1280.000000 1621.333333 32.000000) (-1280.000000 1536.000000 0.000000) (-1280.000000 1536.000000 16.000000) 
4 103 106 (-512.000000 1536.000964 48.000267) (-597.333893 1536.000643 21.333337) (-597.333893 1792.000000 117.333096) (-512.000000 1792.000000 143.999906) 
4 103 105 (-1280.000000 1792.000000 96.000000) (-1024.000000 1792.000000 96.000000) (-1024.000000 1536.000161 0.000060) (-1280.000000 1536.000000 0.000000) 
6 103 104 (-1280.000000 1536.000000 0.000000) (-768.000000 1536.000000 0.000000) (-597.335178 1536.000000 21.332935) (-512.000000 1536.000000 48.000267) (-512.000000 1536.000000 1248.000000) (-1280.000000 1536.000000 1248.000000) 
5 104 142 (-512.000000 1280.000000 48.000267) (-512.000000 1280.000000 1248.000000) (-1280.000000 1280.000000 1248.000000) (-1280.000000 1280.000000 0.000000) (-665.600342 1280.000000 0.000000) 
5 104 119 (-1280.000000 1280.000000 0.000000) (-1280.000000 1280.000000 1248.000000) (-1280.000000 1536.000000 1248.000000) (-1280.000000 1536.000000 16.000000) (-1280.000000 1450.666667 0.000000) 
3 104 121 (-1280.000000 1536.000000 16.000000) (-1280.000000 1536.000000 0.000000) (-1280.000000 1450.666667 0.000000) 
4 104 107 (-512.000000 1280.000000 48.000267) (-665.600342 1280.000000 0.000000) (-665.600342 1536.000386 0.000000) (-512.000000 1536.000964 48.000267) 
3 105 119 (-1280.000000 1792.000000 96.000000) (-1280.000000 1792.000000 64.000000) (-1280.000000 1621.333333 32.000000) 
4 105 121 (-1280.000000 1792.000000 64.000000) (-1280.000000 1792.000000 0.000000) (-1280.000000 1536.000000 0.000000) (-1280.000000 1621.333333 32.000000) 
4 106 107 (-768.000000 1536.000000 -32.000000) (-768.000000 1792.000000 -32.000000) (-512.000000 1792.000000 48.000267) (-512.000000 1536.000964 48.000267) 
3 107 142 (-512.000000 1280.000000 0.000000) (-512.000000 1280.000000 48.000267) (-665.600342 1280.000000 0.000000) 
4 108 110 (-512.000000 1536.000000 -64.000000) (-512.000000 1536.000000 -32.000000) (-768.000000 1536.000000 -32.000000) (-853.333333 1536.000000 -64.000000) 
3 108 109 (-1024.000000 1792.000000 -32.000000) (-1024.000000 1792.000000 -64.000000) (-1024.000000 1706.666667 -64.000000) 
4 109 124 (-1280.000000 1536.000000 -64.000000) (-1280.000000 1536.000000 -32.000000) (-1280.000000 1792.000000 -32.000000) (-1280.000000 1792.000000 -64.000000) 
4 109 110 (-1024.000000 1536.000000 -32.000000) (-1280.000000 1536.000000 -32.000000) (-1280.000000 1536.000000 -64.000000) (-1024.000000 1536.000000 -64.000000) 
4 110 143 (-512.000000 1280.000000 -64.000000) (-512.000000 1280.000000 -32.000000) (-1280.000000 1280.000000 -32.000000) (-1280.000000 1280.000000 -64.000000) 
4 110 124 (-1280.000000 1280.000000 -64.000000) (-1280.000000 1280.000000 -32.000000) (-1280.000000 1536.000000 -32.000000) (-1280.000000 1536.000000 -64.000000) 
4 111 125 (-1792.000000 2304.000000 1280.000000) (-1792.000000 2336.000000 1280.000000) (-1792.000000 2336.000000 -32.000000) (-1792.000000 2304.000000 -32.000000) 
4 111 131 (-1792.000000 2336.000000 -32.000000) (-1792.000000 2336.000000 -64.000000) (-1792.000000 2304.000000 -64.000000) (-1792.000000 2304.000000 -32.000000) 
4 111 117 (-1792.000000 2304.000000 -32.000000) (-1792.000000 2304.000000 -64.000000) (-1280.000000 2304.000000 -64.000000) (-1280.000000 2304.000000 -32.000000) 
4 111 112 (-1792.000000 2304.000000 1280.000000) (-1792.000000 2304.000000 1248.000000) (-1280.000000 2304.000000 1248.000000) (-1280.000000 2304.000000 1280.000000) 
4 112 126 (-1792.000000 1792.000000 1248.000000) (-1792.000000 1792.000000 1280.000000) (-1792.000000 2304.000000 1280.000000) (-1792.000000 2304.000000 1248.000000) 
4 112 118 (-1280.000000 1792.000000 1248.000000) (-1280.000000 1792.000000 1280.000000) (-1792.000000 1792.000000 1280.000000) (-1792.000000 1792.000000 1248.000000) 
5 113 127 (-1792.000000 1792.000000 96.000000) (-1792.000000 1792.000000 1248.000000) (-1792.000000 2304.000000 1248.000000) (-1792.000000 2304.000000 336.000000) (-1792.000000 2048.000000 200.000000) 
4 113 119 (-1280.000000 1792.000000 96.000000) (-1280.000000 1792.000000 1248.000000) (-1792.000000 1792.000000 1248.000000) (-1792.000000 1792.000000 96.000000) 
4 113 114 (-1536.000000 2048.000000 200.000000) (-1280.000000 2048.000000 200.000000) (-1280.000000 1792.000000 96.000000) (-1536.000000 1792.000000 96.000000) 
4 114 119 (-1280.000000 1792.000000 64.000000) (-1280.000000 1792.000000 96.000000) (-1536.000000 1792.000000 96.000000) (-1450.666992 1792.000000 64.000000) 
4 114 116 (-1450.666992 2048.000000 168.000000) (-1280.000000 2048.000000 168.000000) (-1280.000000 1792.000000 64.000000) (-1450.666992 1792.000000 64.000000) 
3 115 129 (-1792.000000 2304.000000 304.000000) (-1792.000000 2304.000000 272.000000) (-1792.000000 2048.000000 168.000000) 
4 115 116 (-1792.000000 2048.000000 168.000000) (-1792.000000 2304.000000 272.000000) (-1280.000000 2304.000000 272.000000) (-1280.000000 2048.000000 168.000000) 
3 116 128 (-1792.000000 1792.000000 64.000000) (-1792.000000 2048.000000 168.000000) (-1792.000000 1885.090909 81.454545) 
4 116 129 (-1792.000000 2048.000000 168.000000) (-1792.000000 2304.000000 272.000000) (-1792.000000 2304.000000 160.000000) (-1792.000000 1885.090909 81.454545) 
4 116 130 (-1792.000000 1792.000000 -32.000000) (-1792.000000 1792.000000 64.000000) (-1792.000000 2304.000000 160.000000) (-1792.000000 2304.000000 -32.000000) 
4 116 122 (-1280.000000 1792.000000 -32.000000) (-1365.332886 1792.000000 0.000000) (-1706.667236 1792.000000 0.000000) (-1536.000000 1792.000000 -32.000000) 
4 116 123 (-1706.667236 1792.000000 0.000000) (-1792.000000 1792.000000 0.000000) (-1792.000000 1792.000000 -32.000000) (-1536.000000 1792.000000 -32.000000) 
4 116 121 (-1280.000000 1792.000000 0.000000) (-1280.000000 1792.000000 64.000000) (-1792.000000 1792.000000 64.000000) (-1792.000000 1792.000000 0.000000) 
4 117 131 (-1792.000000 1792.000000 -64.000000) (-1792.000000 1792.000000 -32.000000) (-1792.000000 2304.000000 -32.000000) (-1792.000000 2304.000000 -64.000000) 
4 117 124 (-1280.000000 1792.000000 -64.000000) (-1280.000000 1792.000000 -32.000000) (-1792.000000 1792.000000 -32.000000) (-1792.000000 1792.000000 -64.000000) 
4 118 141 (-1280.000000 1280.000000 1248.000000) (-1280.000000 1280.000000 1280.000000) (-1792.000000 1280.000000 1280.000000) (-1792.000000 1280.000000 1248.000000) 
4 118 126 (-1792.000000 1280.000000 1248.000000) (-1792.000000 1280.000000 1280.000000) (-1792.000000 1792.000000 1280.000000) (-1792.000000 1792.000000 1248.000000) 
4 119 142 (-1280.000000 1280.000000 0.000000) (-1280.000000 1280.000000 1248.000000) (-1792.000000 1280.000000 1248.000000) (-1792.000000 1280.000000 0.000000) 
4 119 127 (-1792.000000 1280.000000 0.000000) (-1792.000000 1280.000000 1248.000000) (-1792.000000 1792.000000 1248.000000) (-1792.000000 1792.000000 96.000000) 
3 119 123 (-1706.667236 1280.000000 0.000000) (-1792.000000 1280.000000 0.000000) (-1706.667236 1365.332845 0.000000) 
4 119 120 (-1792.000000 1280.000000 -0.000000) (-1792.000000 1536.000000 48.000000) (-1621.333496 1536.000000 16.000000) (-1621.333496 1450.666667 0.000000) 
4 119 121 (-1621.333496 1792.000000 64.000000) (-1280.000000 1792.000000 64.000000) (-1280.000000 1450.666667 0.000000) (-1621.333496 1450.666667 0.000000) 
4 120 123 (-1792.000000 1280.000000 0.000000) (-1792.000000 1450.666667 0.000000) (-1706.667236 1450.666667 0.000000) (-1706.667236 1365.332845 0.000000) 
4 120 121 (-1792.000000 1450.666667 0.000000) (-1792.000000 1536.000000 16.000000) (-1621.333496 1536.000000 16.000000) (-1621.333496 1450.666667 0.000000) 
3 121 130 (-1792.000000 1792.000000 64.000000) (-1792.000000 1792.000000 0.000000) (-1792.000000 1450.666667 0.000000) 
4 121 122 (-1706.667236 1792.000000 0.000000) (-1365.332886 1792.000000 0.000000) (-1365.332886 1536.000000 0.000000) (-1706.667236 1536.000000 0.000000) 
4 121 123 (-1792.000000 1450.666667 0.000000) (-1792.000000 1792.000000 0.000000) (-1706.667236 1792.000000 0.000000) (-1706.667236 1450.666667 0.000000) 
4 122 123 (-1706.667236 1536.000000 0.000000) (-1706.667236 1792.000000 0.000000) (-1536.000000 1792.000000 -32.000000) (-1536.000000 1536.000000 -32.000000) 
4 123 130 (-1792.000000 1280.000000 -32.000000) (-1792.000000 1450.666667 0.000000) (-1792.000000 1792.000000 0.000000) (-1792.000000 1792.000000 -32.000000) 
4 124 143 (-1280.000000 1280.000000 -64.000000) (-1280.000000 1280.000000 -32.000000) (-1792.000000 1280.000000 -32.000000) (-1792.000000 1280.000000 -64.000000) 
4 124 131 (-1792.000000 1280.000000 -64.000000) (-1792.000000 1280.000000 -32.000000) (-1792.000000 1792.000000 -32.000000) (-1792.000000 1792.000000 -64.000000) 
4 125 132 (-2304.000000 2336.000000 1280.000000) (-2304.000000 2336.000000 -32.000000) (-2304.000000 2304.000000 -32.000000) (-2304.000000 2304.000000 1280.000000) 
4 125 126 (-2304.000000 2304.000000 1280.000000) (-2304.000000 2304.000000 1248.000000) (-1792.000000 2304.000000 1248.000000) (-1792.000000 2304.000000 1280.000000) 
4 125 131 (-2304.000000 2336.000000 -32.000000) (-1792.000000 2336.000000 -32.000000) (-1792.000000 2304.000000 -32.000000) (-2304.000000 2304.000000 -32.000000) 
4 126 141 (-1792.000000 1280.000000 1248.000000) (-1792.000000 1280.000000 1280.000000) (-2304.000000 1280.000000 1280.000000) (-2304.000000 1280.000000 1248.000000) 
4 126 132 (-2304.000000 1280.000000 1248.000000) (-2304.000000 1280.000000 1280.000000) (-2304.000000 2304.000000 1280.000000) (-2304.000000 2304.000000 1248.000000) 
4 127 142 (-1792.000000 1280.000000 0.000000) (-1792.000000 1280.000000 1248.000000) (-2304.000000 1280.000000 1248.000000) (-2304.000000 1280.000000 0.000000) 
4 128 129 (-1792.000000 2048.000000 168.000000) (-1792.000000 1885.090909 81.454545) (-2304.000000 1885.090909 81.454545) (-2304.000000 2048.000000 168.000000) 
4 128 130 (-2304.000000 1792.000000 64.000000) (-2304.000000 1885.090909 81.454545) (-1792.000000 1885.090909 81.454545) (-1792.000000 1792.000000 64.000000) 
4 129 130 (-2304.000000 1885.090909 81.454545) (-2304.000000 2304.000000 160.000000) (-1792.000000 2304.000000 160.000000) (-1792.000000 1885.090909 81.454545) 
4 131 143 (-1792.000000 1280.000000 -64.000000) (-1792.000000 1280.000000 -32.000000) (-2304.000000 1280.000000 -32.000000) (-2304.000000 1280.000000 -64.000000) 
4 131 132 (-2304.000000 2336.000000 -32.000000) (-2304.000000 2336.000000 -64.000000) (-2304.000000 1280.000000 -64.000000) (-2304.000000 1280.000000 -32.000000) 
4 132 144 (-2304.000000 1280.000000 1280.000000) (-2336.000000 1280.000000 1280.000000) (-2336.000000 1280.000000 -64.000000) (-2304.000000 1280.000000 -64.000000) 
4 133 141 (-512.000000 1280.000000 1280.000000) (-512.000000 1280.000000 1248.000000) (-512.000000 512.000000 1248.000000) (-512.000000 512.000000 1280.000000) 
4 133 136 (0.000000 512.000000 1248.000000) (0.000000 512.000000 1280.000000) (-512.000000 512.000000 1280.000000) (-512.000000 512.000000 1248.000000) 
4 134 142 (-512.000000 1280.000000 1248.000000) (-512.000000 1280.000000 0.000000) (-512.000000 512.000000 0.000000) (-512.000000 512.000000 1248.000000) 
5 134 137 (0.000000 512.000000 0.000000) (0.000000 512.000000 1248.000000) (-512.000000 512.000000 1248.000000) (-512.000000 512.000000 16.000000) (-256.000000 512.000000 0.000000) 
4 135 143 (-512.000000 1280.000000 -32.000000) (-512.000000 1280.000000 -64.000000) (-512.000000 512.000000 -64.000000) (-512.000000 512.000000 -32.000000) 
4 135 140 (0.000000 512.000000 -64.000000) (0.000000 512.000000 -32.000000) (-512.000000 512.000000 -32.000000) (-512.000000 512.000000 -64.000000) 
4 136 145 (0.000000 -256.000000 1248.000000) (0.000000 -256.000000 1280.000000) (-512.000000 -256.000000 1280.000000) (-512.000000 -256.000000 1248.000000) 
4 136 141 (-512.000000 -256.000000 1248.000000) (-512.000000 -256.000000 1280.000000) (-512.000000 512.000000 1280.000000) (-512.000000 512.000000 1248.000000) 
5 137 146 (0.000000 -256.000000 -16.000000) (0.000000 -256.000000 1248.000000) (-512.000000 -256.000000 1248.000000) (-512.000000 -256.000000 0.000000) (-256.000000 -256.000000 -16.000000) 
5 137 142 (-512.000000 -256.000000 0.000000) (-512.000000 -256.000000 1248.000000) (-512.000000 512.000000 1248.000000) (-512.000000 512.000000 16.000000) (-512.000000 256.000000 0.000000) 
3 138 150 (-512.000000 -256.000000 -32.000000) (-512.000000 -256.000000 -48.000000) (-256.000000 -256.000000 -48.000000) 
4 138 143 (-512.000000 -256.000000 -48.000000) (-512.000000 -256.000000 -32.000000) (-512.000000 256.000000 -32.000000) (-512.000000 256.000000 -48.000000) 
4 138 139 (-512.000000 -256.000000 -48.000000) (-512.000000 256.000000 -48.000000) (-256.000000 256.000000 -48.000000) (-256.000000 -256.000000 -48.000000) 
4 139 151 (0.000000 -256.000000 -64.000000) (0.000000 -256.000000 -56.000000) (-512.000000 -256.000000 -56.000000) (-512.000000 -256.000000 -64.000000) 
4 139 150 (-256.000000 -256.000000 -48.000000) (-512.000000 -256.000000 -48.000000) (-512.000000 -256.000000 -56.000000) (-128.000000 -256.000000 -56.000000) 
4 139 149 (0.000000 -256.000000 -56.000000) (0.000000 -256.000000 -48.000000) (-256.000000 -256.000000 -48.000000) (-128.000000 -256.000000 -56.000000) 
4 139 143 (-512.000000 -256.000000 -64.000000) (-512.000000 -256.000000 -48.000000) (-512.000000 256.000000 -48.000000) (-512.000000 0.000000 -64.000000) 
4 139 140 (0.000000 256.000000 -48.000000) (0.000000 0.000000 -64.000000) (-512.000000 0.000000 -64.000000) (-512.000000 256.000000 -48.000000) 
3 140 143 (-512.000000 512.000000 -32.000000) (-512.000000 512.000000 -64.000000) (-512.000000 0.000000 -64.000000) 
4 141 164 (-512.000000 -256.000000 1248.000000) (-512.000000 -256.000000 1280.000000) (-2304.000000 -256.000000 1280.000000) (-2304.000000 -256.000000 1248.000000) 
4 141 144 (-2304.000000 1280.000000 1280.000000) (-2304.000000 1280.000000 1248.000000) (-2304.000000 -256.000000 1248.000000) (-2304.000000 -256.000000 1280.000000) 
4 142 165 (-512.000000 -256.000000 0.000000) (-512.000000 -256.000000 1248.000000) (-2304.000000 -256.000000 1248.000000) (-2304.000000 -256.000000 0.000000) 
4 143 167 (-2304.000000 -256.000000 -64.000000) (-512.000000 -256.000000 -64.000000) (-512.000000 -256.000000 -32.000000) (-2304.000000 -256.000000 -32.000000) 
4 143 144 (-2304.000000 1280.000000 -32.000000) (-2304.000000 1280.000000 -64.000000) (-2304.000000 -256.000000 -64.000000) (-2304.000000 -256.000000 -32.000000) 
4 144 166 (-2304.000000 -256.000000 -32.000000) (-2304.000000 -256.000000 1280.000000) (-2336.000000 -256.000000 1280.000000) (-2336.000000 -256.000000 -32.000000) 
4 144 167 (-2336.000000 -256.000000 -64.000000) (-2304.000000 -256.000000 -64.000000) (-2304.000000 -256.000000 -32.000000) (-2336.000000 -256.000000 -32.000000) 
4 145 164 (-512.000000 -256.000000 1280.000000) (-512.000000 -256.000000 1248.000000) (-512.000000 -768.000000 1248.000000) (-512.000000 -768.000000 1280.000000) 
4 145 152 (-512.000000 -768.000000 1280.000000) (-512.000000 -768.000000 1248.000000) (0.000000 -768.000000 1248.000000) (0.000000 -768.000000 1280.000000) 
4 146 165 (-512.000000 -256.000000 1248.000000) (-512.000000 -256.000000 0.000000) (-512.000000 -512.000000 0.000000) (-512.000000 -512.000000 1248.000000) 
4 146 148 (-512.000000 -512.000000 1248.000000) (-512.000000 -512.000000 0.000000) (-256.000000 -512.000000 24.000000) (-256.000000 -512.000000 1248.000000) 
4 146 147 (-256.000000 -512.000000 0.000000) (0.000000 -512.000000 0.000000) (0.000000 -512.000000 1248.000000) (-256.000000 -512.000000 1248.000000) 
4 147 154 (0.000000 -768.000000 0.000000) (0.000000 -768.000000 48.000000) (-256.000000 -768.000000 48.000000) (-256.000000 -768.000000 24.000000) 
4 147 153 (0.000000 -768.000000 48.000000) (0.000000 -768.000000 1248.000000) (-256.000000 -768.000000 1248.000000) (-256.000000 -768.000000 48.000000) 
4 147 148 (-256.000000 -512.000000 1248.000000) (-256.000000 -512.000000 24.000000) (-256.000000 -768.000000 24.000000) (-256.000000 -768.000000 1248.000000) 
4 148 165 (-512.000000 -768.000000 0.000000) (-512.000000 -768.000000 1248.000000) (-512.000000 -512.000000 1248.000000) (-512.000000 -512.000000 0.000000) 
3 148 155 (-512.000000 -768.000000 48.000000) (-512.000000 -768.000000 0.000000) (-256.000000 -768.000000 24.000000) 
3 148 154 (-512.000000 -768.000000 48.000000) (-256.000000 -768.000000 24.000000) (-256.000000 -768.000000 48.000000) 
4 148 153 (-512.000000 -768.000000 1248.000000) (-512.000000 -768.000000 48.000000) (-256.000000 -768.000000 48.000000) (-256.000000 -768.000000 1248.000000) 
4 149 151 (-256.000000 -512.000000 -32.000000) (-128.000000 -256.000000 -56.000000) (0.000000 -256.000000 -56.000000) (0.000000 -512.000000 -32.000000) 
3 149 150 (-256.000000 -256.000000 -48.000000) (-128.000000 -256.000000 -56.000000) (-256.000000 -512.000000 -32.000000) 
3 150 167 (-512.000000 -256.000000 -32.000000) (-512.000000 -256.000000 -56.000000) (-512.000000 -512.000000 -32.000000) 
4 150 151 (-512.000000 -512.000000 -32.000000) (-512.000000 -256.000000 -56.000000) (-128.000000 -256.000000 -56.000000) (-256.000000 -512.000000 -32.000000) 
5 151 167 (-512.000000 -256.000000 -56.000000) (-512.000000 -256.000000 -64.000000) (-512.000000 -768.000000 -64.000000) (-512.000000 -768.000000 -32.000000) (-512.000000 -512.000000 -32.000000) 
4 151 156 (-512.000000 -768.000000 -32.000000) (-512.000000 -768.000000 -64.000000) (0.000000 -768.000000 -64.000000) (0.000000 -768.000000 -32.000000) 
4 152 164 (-512.000000 -1280.000000 1248.000000) (-512.000000 -1280.000000 1280.000000) (-512.000000 -768.000000 1280.000000) (-512.000000 -768.000000 1248.000000) 
4 152 160 (0.000000 -1280.000000 1248.000000) (0.000000 -1280.000000 1280.000000) (-512.000000 -1280.000000 1280.000000) (-512.000000 -1280.000000 1248.000000) 
4 153 165 (-512.000000 -1280.000000 0.000000) (-512.000000 -1280.000000 1248.000000) (-512.000000 -768.000000 1248.000000) (-512.000000 -768.000000 48.000000) 
4 153 161 (0.000000 -1280.000000 0.000000) (0.000000 -1280.000000 1248.000000) (-512.000000 -1280.000000 1248.000000) (-512.000000 -1280.000000 0.000000) 
4 153 158 (-512.000000 -1280.000000 0.000000) (-512.000000 -1024.000000 24.000000) (-256.000000 -1024.000000 24.000000) (-256.000000 -1280.000000 0.000000) 
3 153 155 (-512.000000 -1024.000000 24.000000) (-512.000000 -768.000000 48.000000) (-256.000000 -1024.000000 24.000000) 
4 153 154 (-512.000000 -768.000000 48.000000) (0.000000 -768.000000 48.000000) (0.000000 -1024.000000 24.000000) (-256.000000 -1024.000000 24.000000) 
3 154 155 (-256.000000 -1024.000000 24.000000) (-512.000000 -768.000000 48.000000) (-256.000000 -768.000000 24.000000) 
4 155 165 (-512.000000 -1024.000000 24.000000) (-512.000000 -768.000000 48.000000) (-512.000000 -768.000000 -0.000000) (-512.000000 -1024.000000 0.000000) 
3 155 158 (-512.000000 -1024.000000 24.000000) (-512.000000 -1024.000000 0.000000) (-256.000000 -1024.000000 24.000000) 
4 156 167 (-512.000000 -768.000000 -32.000000) (-512.000000 -768.000000 -64.000000) (-512.000000 -1024.000000 -64.000000) (-512.000000 -1024.000000 -32.000000) 
4 156 159 (-512.000000 -1024.000000 -32.000000) (-512.000000 -1024.000000 -64.000000) (-256.000000 -1024.000000 -64.000000) (-256.000000 -1024.000000 -32.000000) 
4 156 157 (-256.000000 -1024.000000 -64.000000) (0.000000 -1024.000000 -64.000000) (0.000000 -1024.000000 -32.000000) (-256.000000 -1024.000000 -32.000000) 
4 157 162 (0.000000 -1280.000000 -64.000000) (0.000000 -1280.000000 -56.000000) (-256.000000 -1280.000000 -32.000000) (-256.000000 -1280.000000 -64.000000) 
4 157 159 (-256.000000 -1024.000000 -32.000000) (-256.000000 -1024.000000 -64.000000) (-256.000000 -1280.000000 -64.000000) (-256.000000 -1280.000000 -32.000000) 
3 158 165 (-512.000000 -1280.000000 0.000000) (-512.000000 -1024.000000 24.000000) (-512.000000 -1024.000000 0.000000) 
4 159 167 (-512.000000 -1280.000000 -64.000000) (-512.000000 -1280.000000 -32.000000) (-512.000000 -1024.000000 -32.000000) (-512.000000 -1024.000000 -64.000000) 
4 159 162 (-512.000000 -1280.000000 -32.000000) (-512.000000 -1280.000000 -64.000000) (-256.000000 -1280.000000 -64.000000) (-256.000000 -1280.000000 -32.000000) 
4 160 164 (-512.000000 -2304.000000 1280.000000) (-512.000000 -1280.000000 1280.000000) (-512.000000 -1280.000000 1248.000000) (-512.000000 -2304.000000 1248.000000) 
4 160 163 (-512.000000 -2304.000000 1280.000000) (-512.000000 -2304.000000 1248.000000) (0.000000 -2304.000000 1248.000000) (0.000000 -2304.000000 1280.000000) 
4 161 165 (-512.000000 -1280.000000 1248.000000) (-512.000000 -1280.000000 0.000000) (-512.000000 -2304.000000 0.000000) (-512.000000 -2304.000000 1248.000000) 
4 162 167 (-512.000000 -1280.000000 -32.000000) (-512.000000 -1280.000000 -64.000000) (-512.000000 -2304.000000 -64.000000) (-512.000000 -2304.000000 -32.000000) 
4 162 163 (-512.000000 -2304.000000 -32.000000) (-512.000000 -2304.000000 -64.000000) (0.000000 -2304.000000 -64.000000) (0.000000 -2304.000000 -32.000000) 
4 163 168 (-512.000000 -2336.000000 1280.000000) (-512.000000 -2304.000000 1280.000000) (-512.000000 -2304.000000 -64.000000) (-512.000000 -2336.000000 -64.000000) 
4 164 168 (-512.000000 -2304.000000 1248.000000) (-512.000000 -2304.000000 1280.000000) (-2304.000000 -2304.000000 1280.000000) (-2304.000000 -2304.000000 1248.000000) 
4 164 166 (-2304.000000 -256.000000 1280.000000) (-2304.000000 -256.000000 1248.000000) (-2304.000000 -2304.000000 1248.000000) (-2304.000000 -2304.000000 1280.000000) 
4 166 168 (-2304.000000 -2304.000000 1280.000000) (-2336.000000 -2304.000000 1280.000000) (-2336.000000 -2304.000000 -32.000000) (-2304.000000 -2304.000000 -32.000000) 
4 166 167 (-2336.000000 -2304.000000 -32.000000) (-2336.000000 -256.000000 -32.000000) (-2304.000000 -256.000000 -32.000000) (-2304.000000 -2304.000000 -32.000000) 
4 167 168 (-2336.000000 -2304.000000 -64.000000) (-512.000000 -2304.000000 -64.000000) (-512.000000 -2304.000000 -32.000000) (-2336.000000 -2304.000000 -32.000000) 
